0 0 0 0 0 0 0 0 0 0 0 0 0 0 0 0 0 0 0 
o
0 0 0 0 0 0 0 0 0 0 0 0 0 0 0 0 0 0 0 
 
0 0 0 0 0 0 0 0 0 0 0 0 0 0 0 0 0 0 0 
y
0 0 0 0 0 0 0 0 0 0 0 0 0 0 0 0 0 0 0 
o
0 0 0 0 0 0 0 0 0 0 0 0 0 0 0 0 0 0 0 
u
0 0 0 0 0 0 0 0 0 0 0 0 0 0 0 0 0 0 0 
'
0 0 0 0 0 0 0 0 0 0 0 0 0 0 0 0 0 0 0 
v
0 0 0 0 0 0 0 0 0 0 0 0 0 0 0 0 0 0 0 
e
0 0 0 0 0 0 0 0 0 0 0 0 0 0 0 0 0 0 0 
 
0 0 0 0 0 0 0 0 0 0 0 0 0 0 0 0 0 0 0 
r
0 0 0 0 0 0 0 0 0 0 0 0 0 0 0 0 0 0 0 
e
0 0 0 0 0 0 0 0 0 0 0 0 0 0 0 0 0 0 0 
g
0 0 0 0 0 0 0 0 0 0 0 0 0 0 0 0 0 0 0 
i
0 0 0 0 0 0 0 0 0 0 0 0 0 0 0 0 0 0 0 
s
0 0 0 0 0 0 0 0 0 0 0 0 0 0 0 0 0 0 0 
t
0 0 0 0 0 0 0 0 0 0 0 0 0 0 0 0 0 0 0 
e
0 0 0 0 0 0 0 0 0 0 0 0 0 0 0 0 0 0 0 
r
0 0 0 0 0 0 0 0 0 0 0 0 0 0 0 0 0 0 0 
e
0 0 0 0 0 0 0 0 0 0 0 0 0 0 0 0 0 0 0 
d
0 0 0 0 0 0 0 0 0 0 0 0 0 0 0 0 0 0 0 
.
0 0 0 0 0 0 0 0 0 0 0 0 0 0 0 0 0 0 0 
 
0 0 0 0 0 0 0 0 0 0 0 0 0 0 0 0 0 0 0 
W
0 0 0 0 0 0 0 0 0 0 0 0 0 0 0 0 0 0 0 
e
0 0 0 0 0 0 0 0 0 0 0 0 0 0 0 0 0 0 0 
 
0 0 0 0 0 0 0 0 0 0 0 0 0 0 0 0 0 0 0 
s
0 0 0 0 0 0 0 0 0 0 0 0 0 0 0 0 0 0 0 
e
0 0 0 0 0 0 0 0 0 0 0 0 0 0 0 0 0 0 0 
n
0 0 0 0 0 0 0 0 0 0 0 0 0 0 0 0 0 0 0 
t
0 0 0 0 0 0 0 0 0 0 0 0 0 0 0 0 0 0 0 
 
0 0 0 0 0 0 0 0 0 0 0 0 0 0 0 0 0 0 0 
y
0 0 0 0 0 0 0 0 0 0 0 0 0 0 0 0 0 0 0 
o
0 0 0 0 0 0 0 0 0 0 0 0 0 0 0 0 0 0 0 
u
0 0 0 0 0 0 0 0 0 0 0 0 0 0 0 0 0 0 0 
 
0 0 0 0 0 0 0 0 0 0 0 0 0 0 0 0 0 0 0 
a
0 0 0 0 0 0 0 0 0 0 0 0 0 0 0 0 0 0 0 
 
0 0 0 0 0 0 0 0 0 0 0 0 0 0 0 0 0 0 0 
w
1 0 0 0 0 0 0 0 0 0 0 0 0 0 0 0 0 0 0 
e
1 1 0 0 0 0 0 0 0 0 0 0 0 0 0 0 0 0 0 
l
1 1 1 0 0 0 0 0 0 0 0 0 0 0 0 0 0 0 0 
c
1 1 1 1 0 0 0 0 0 0 0 0 0 0 0 0 0 0 0 
o
1 1 1 1 1 0 0 0 0 0 0 0 0 0 0 0 0 0 0 
m
1 1 1 1 1 1 0 0 0 0 0 0 0 0 0 0 0 0 0 
i
1 1 1 1 1 1 0 0 0 0 0 0 0 0 0 0 0 0 0 
n
1 1 1 1 1 1 0 0 0 0 0 0 0 0 0 0 0 0 0 
g
1 1 1 1 1 1 0 0 0 0 0 0 0 0 0 0 0 0 0 
 
1 1 1 1 1 1 0 0 0 0 0 0 0 0 0 0 0 0 0 
e
1 2 1 1 1 1 1 0 0 0 0 0 0 0 0 0 0 0 0 
m
1 2 1 1 1 2 1 0 0 0 0 0 0 0 0 0 0 0 0 
a
1 2 1 1 1 2 1 0 0 0 0 0 0 0 0 0 0 0 0 
i
1 2 1 1 1 2 1 0 0 0 0 0 0 0 0 0 0 0 0 
l
1 2 3 1 1 2 1 0 0 0 0 0 0 0 0 0 0 0 0 
,
1 2 3 1 1 2 1 0 0 0 0 0 0 0 0 0 0 0 0 
 
1 2 3 1 1 2 1 1 0 0 0 0 0 0 0 0 0 0 0 
t
1 2 3 1 1 2 1 1 1 0 0 0 0 0 0 0 0 0 0 
o
1 2 3 1 2 2 1 1 1 1 0 0 0 0 0 0 0 0 0 
 
1 2 3 1 2 2 1 2 1 1 1 0 0 0 0 0 0 0 0 
w
2 2 3 1 2 2 1 2 1 1 1 0 0 0 0 0 0 0 0 
e
2 4 3 1 2 2 3 2 1 1 1 0 0 0 0 0 0 0 0 
l
2 4 7 1 2 2 3 2 1 1 1 0 0 0 0 0 0 0 0 
c
2 4 7 8 2 2 3 2 1 1 1 1 0 0 0 0 0 0 0 
o
2 4 7 8 10 2 3 2 1 2 1 1 1 0 0 0 0 0 0 
m
2 4 7 8 10 12 3 2 1 2 1 1 1 0 0 0 0 0 0 
e
2 6 7 8 10 12 15 2 1 2 1 1 1 0 0 0 0 0 0 
 
2 6 7 8 10 12 15 17 1 2 3 1 1 0 0 0 0 0 0 
y
2 6 7 8 10 12 15 17 1 2 3 1 1 0 0 0 0 0 0 
o
2 6 7 8 18 12 15 17 1 3 3 1 2 0 0 0 0 0 0 
u
2 6 7 8 18 12 15 17 1 3 3 1 2 0 0 0 0 0 0 
 
2 6 7 8 18 12 15 32 1 3 6 1 2 0 0 0 0 0 0 
t
2 6 7 8 18 12 15 32 33 3 6 1 2 0 0 0 0 0 0 
o
2 6 7 8 26 12 15 32 33 36 6 1 3 0 0 0 0 0 0 
 
2 6 7 8 26 12 15 47 33 36 42 1 3 0 0 0 0 0 0 
c
2 6 7 15 26 12 15 47 33 36 42 43 3 0 0 0 0 0 0 
o
2 6 7 15 41 12 15 47 33 69 42 43 46 0 0 0 0 0 0 
d
2 6 7 15 41 12 15 47 33 69 42 43 46 46 0 0 0 0 0 
e
2 8 7 15 41 12 27 47 33 69 42 43 46 46 46 0 0 0 0 
 
2 8 7 15 41 12 27 74 33 69 111 43 46 46 46 46 0 0 0 
j
2 8 7 15 41 12 27 74 33 69 111 43 46 46 46 46 46 0 0 
a
2 8 7 15 41 12 27 74 33 69 111 43 46 46 46 46 46 46 0 
m
2 8 7 15 41 53 27 74 33 69 111 43 46 46 46 46 46 46 46 
.
2 8 7 15 41 53 27 74 33 69 111 43 46 46 46 46 46 46 46 
 
2 8 7 15 41 53 27 101 33 69 180 43 46 46 46 92 46 46 46 
B
2 8 7 15 41 53 27 101 33 69 180 43 46 46 46 92 46 46 46 
u
2 8 7 15 41 53 27 101 33 69 180 43 46 46 46 92 46 46 46 
t
2 8 7 15 41 53 27 101 134 69 180 43 46 46 46 92 46 46 46 
 
2 8 7 15 41 53 27 128 134 69 249 43 46 46 46 138 46 46 46 
i
2 8 7 15 41 53 27 128 134 69 249 43 46 46 46 138 46 46 46 
t
2 8 7 15 41 53 27 128 262 69 249 43 46 46 46 138 46 46 46 
'
2 8 7 15 41 53 27 128 262 69 249 43 46 46 46 138 46 46 46 
s
2 8 7 15 41 53 27 128 262 69 249 43 46 46 46 138 46 46 46 
 
2 8 7 15 41 53 27 155 262 69 318 43 46 46 46 184 46 46 46 
p
2 8 7 15 41 53 27 155 262 69 318 43 46 46 46 184 46 46 46 
o
2 8 7 15 56 53 27 155 262 331 318 43 89 46 46 184 46 46 46 
s
2 8 7 15 56 53 27 155 262 331 318 43 89 46 46 184 46 46 46 
s
2 8 7 15 56 53 27 155 262 331 318 43 89 46 46 184 46 46 46 
i
2 8 7 15 56 53 27 155 262 331 318 43 89 46 46 184 46 46 46 
b
2 8 7 15 56 53 27 155 262 331 318 43 89 46 46 184 46 46 46 
l
2 8 15 15 56 53 27 155 262 331 318 43 89 46 46 184 46 46 46 
e
2 10 15 15 56 53 80 155 262 331 318 43 89 46 92 184 46 46 46 
 
2 10 15 15 56 53 80 235 262 331 649 43 89 46 92 276 46 46 46 
t
2 10 15 15 56 53 80 235 497 331 649 43 89 46 92 276 46 46 46 
h
2 10 15 15 56 53 80 235 497 331 649 43 89 46 92 276 46 46 46 
a
2 10 15 15 56 53 80 235 497 331 649 43 89 46 92 276 46 92 46 
t
2 10 15 15 56 53 80 235 732 331 649 43 89 46 92 276 46 92 46 
 
2 10 15 15 56 53 80 315 732 331 980 43 89 46 92 368 46 92 46 
y
2 10 15 15 56 53 80 315 732 331 980 43 89 46 92 368 46 92 46 
o
2 10 15 15 71 53 80 315 732 1063 980 43 132 46 92 368 46 92 46 
u
2 10 15 15 71 53 80 315 732 1063 980 43 132 46 92 368 46 92 46 
 
2 10 15 15 71 53 80 395 732 1063 2043 43 132 46 92 460 46 92 46 
s
2 10 15 15 71 53 80 395 732 1063 2043 43 132 46 92 460 46 92 46 
t
2 10 15 15 71 53 80 395 1127 1063 2043 43 132 46 92 460 46 92 46 
i
2 10 15 15 71 53 80 395 1127 1063 2043 43 132 46 92 460 46 92 46 
l
2 10 25 15 71 53 80 395 1127 1063 2043 43 132 46 92 460 46 92 46 
l
2 10 35 15 71 53 80 395 1127 1063 2043 43 132 46 92 460 46 92 46 
 
2 10 35 15 71 53 80 475 1127 1063 3106 43 132 46 92 552 46 92 46 
d
2 10 35 15 71 53 80 475 1127 1063 3106 43 132 178 92 552 46 92 46 
o
2 10 35 15 86 53 80 475 1127 2190 3106 43 175 178 92 552 46 92 46 
n
2 10 35 15 86 53 80 475 1127 2190 3106 43 175 178 92 552 46 92 46 
'
2 10 35 15 86 53 80 475 1127 2190 3106 43 175 178 92 552 46 92 46 
t
2 10 35 15 86 53 80 475 1602 2190 3106 43 175 178 92 552 46 92 46 
 
2 10 35 15 86 53 80 555 1602 2190 5296 43 175 178 92 644 46 92 46 
f
2 10 35 15 86 53 80 555 1602 2190 5296 43 175 178 92 644 46 92 46 
e
2 12 35 15 86 53 133 555 1602 2190 5296 43 175 178 270 644 46 92 46 
e
2 14 35 15 86 53 186 555 1602 2190 5296 43 175 178 448 644 46 92 46 
l
2 14 49 15 86 53 186 555 1602 2190 5296 43 175 178 448 644 46 92 46 
 
2 14 49 15 86 53 186 741 1602 2190 7486 43 175 178 448 1092 46 92 46 
w
3 14 49 15 86 53 186 741 1602 2190 7486 43 175 178 448 1092 46 92 46 
e
3 17 49 15 86 53 239 741 1602 2190 7486 43 175 178 626 1092 46 92 46 
l
3 17 66 15 86 53 239 741 1602 2190 7486 43 175 178 626 1092 46 92 46 
c
3 17 66 81 86 53 239 741 1602 2190 7486 7529 175 178 626 1092 46 92 46 
o
3 17 66 81 167 53 239 741 1602 3792 7486 7529 7704 178 626 1092 46 92 46 
m
3 17 66 81 167 220 239 741 1602 3792 7486 7529 7704 178 626 1092 46 92 138 
e
3 20 66 81 167 220 459 741 1602 3792 7486 7529 7704 178 804 1092 46 92 138 
d
3 20 66 81 167 220 459 741 1602 3792 7486 7529 7704 7882 804 1092 46 92 138 
 
3 20 66 81 167 220 459 1200 1602 3792 1278 7529 7704 7882 804 1896 46 92 138 
t
3 20 66 81 167 220 459 1200 2802 3792 1278 7529 7704 7882 804 1896 46 92 138 
o
3 20 66 81 248 220 459 1200 2802 6594 1278 7529 5233 7882 804 1896 46 92 138 
 
3 20 66 81 248 220 459 1659 2802 6594 7872 7529 5233 7882 804 2700 46 92 138 
c
3 20 66 147 248 220 459 1659 2802 6594 7872 5401 5233 7882 804 2700 46 92 138 
o
3 20 66 147 395 220 459 1659 2802 9396 7872 5401 634 7882 804 2700 46 92 138 
d
3 20 66 147 395 220 459 1659 2802 9396 7872 5401 634 8516 804 2700 46 92 138 
e
3 23 66 147 395 220 679 1659 2802 9396 7872 5401 634 8516 9320 2700 46 92 138 
 
3 23 66 147 395 220 679 2338 2802 9396 7268 5401 634 8516 9320 2020 46 92 138 
j
3 23 66 147 395 220 679 2338 2802 9396 7268 5401 634 8516 9320 2020 2066 92 138 
a
3 23 66 147 395 220 679 2338 2802 9396 7268 5401 634 8516 9320 2020 2066 2158 138 
m
3 23 66 147 395 615 679 2338 2802 9396 7268 5401 634 8516 9320 2020 2066 2158 2296 
.
3 23 66 147 395 615 679 2338 2802 9396 7268 5401 634 8516 9320 2020 2066 2158 2296 
 
3 23 66 147 395 615 679 3017 2802 9396 6664 5401 634 8516 9320 1340 2066 2158 2296 
T
3 23 66 147 395 615 679 3017 2802 9396 6664 5401 634 8516 9320 1340 2066 2158 2296 
h
3 23 66 147 395 615 679 3017 2802 9396 6664 5401 634 8516 9320 1340 2066 2158 2296 
a
3 23 66 147 395 615 679 3017 2802 9396 6664 5401 634 8516 9320 1340 2066 4224 2296 
t
3 23 66 147 395 615 679 3017 5819 9396 6664 5401 634 8516 9320 1340 2066 4224 2296 
'
3 23 66 147 395 615 679 3017 5819 9396 6664 5401 634 8516 9320 1340 2066 4224 2296 
s
3 23 66 147 395 615 679 3017 5819 9396 6664 5401 634 8516 9320 1340 2066 4224 2296 
 
3 23 66 147 395 615 679 3696 5819 9396 6060 5401 634 8516 9320 660 2066 4224 2296 
w
4 23 66 147 395 615 679 3696 5819 9396 6060 5401 634 8516 9320 660 2066 4224 2296 
h
4 23 66 147 395 615 679 3696 5819 9396 6060 5401 634 8516 9320 660 2066 4224 2296 
y
4 23 66 147 395 615 679 3696 5819 9396 6060 5401 634 8516 9320 660 2066 4224 2296 
 
4 23 66 147 395 615 679 4375 5819 9396 5456 5401 634 8516 9320 9980 2066 4224 2296 
w
5 23 66 147 395 615 679 4375 5819 9396 5456 5401 634 8516 9320 9980 2066 4224 2296 
e
5 28 66 147 395 615 1294 4375 5819 9396 5456 5401 634 8516 7836 9980 2066 4224 2296 
 
5 28 66 147 395 615 1294 5669 5819 9396 4852 5401 634 8516 7836 7816 2066 4224 2296 
d
5 28 66 147 395 615 1294 5669 5819 9396 4852 5401 634 9150 7836 7816 2066 4224 2296 
e
5 33 66 147 395 615 1909 5669 5819 9396 4852 5401 634 9150 6986 7816 2066 4224 2296 
c
5 33 66 213 395 615 1909 5669 5819 9396 4852 253 634 9150 6986 7816 2066 4224 2296 
i
5 33 66 213 395 615 1909 5669 5819 9396 4852 253 634 9150 6986 7816 2066 4224 2296 
d
5 33 66 213 395 615 1909 5669 5819 9396 4852 253 634 9784 6986 7816 2066 4224 2296 
e
5 38 66 213 395 615 2524 5669 5819 9396 4852 253 634 9784 6770 7816 2066 4224 2296 
d
5 38 66 213 395 615 2524 5669 5819 9396 4852 253 634 418 6770 7816 2066 4224 2296 
 
5 38 66 213 395 615 2524 8193 5819 9396 4248 253 634 418 6770 4586 2066 4224 2296 
t
5 38 66 213 395 615 2524 8193 4012 9396 4248 253 634 418 6770 4586 2066 4224 2296 
o
5 38 66 213 608 615 2524 8193 4012 3408 4248 253 887 418 6770 4586 2066 4224 2296 
 
5 38 66 213 608 615 2524 717 4012 3408 7656 253 887 418 6770 1356 2066 4224 2296 
n
5 38 66 213 608 615 2524 717 4012 3408 7656 253 887 418 6770 1356 2066 4224 2296 
a
5 38 66 213 608 615 2524 717 4012 3408 7656 253 887 418 6770 1356 2066 6290 2296 
m
5 38 66 213 608 1223 2524 717 4012 3408 7656 253 887 418 6770 1356 2066 6290 8586 
e
5 43 66 213 608 1223 3747 717 4012 3408 7656 253 887 418 7188 1356 2066 6290 8586 
 
5 43 66 213 608 1223 3747 4464 4012 3408 1064 253 887 418 7188 8544 2066 6290 8586 
a
5 43 66 213 608 1223 3747 4464 4012 3408 1064 253 887 418 7188 8544 2066 8356 8586 
 
5 43 66 213 608 1223 3747 8211 4012 3408 4472 253 887 418 7188 5732 2066 8356 8586 
p
5 43 66 213 608 1223 3747 8211 4012 3408 4472 253 887 418 7188 5732 2066 8356 8586 
r
5 43 66 213 608 1223 3747 8211 4012 3408 4472 253 887 418 7188 5732 2066 8356 8586 
o
5 43 66 213 821 1223 3747 8211 4012 7420 4472 253 1140 418 7188 5732 2066 8356 8586 
b
5 43 66 213 821 1223 3747 8211 4012 7420 4472 253 1140 418 7188 5732 2066 8356 8586 
l
5 43 109 213 821 1223 3747 8211 4012 7420 4472 253 1140 418 7188 5732 2066 8356 8586 
e
5 48 109 213 821 1223 4970 8211 4012 7420 4472 253 1140 418 7606 5732 2066 8356 8586 
m
5 48 109 213 821 2044 4970 8211 4012 7420 4472 253 1140 418 7606 5732 2066 8356 6942 
 
5 48 109 213 821 2044 4970 3181 4012 7420 1892 253 1140 418 7606 3338 2066 8356 6942 
"
5 48 109 213 821 2044 4970 3181 4012 7420 1892 253 1140 418 7606 3338 2066 8356 6942 
w
6 48 109 213 821 2044 4970 3181 4012 7420 1892 253 1140 418 7606 3338 2066 8356 6942 
e
6 54 109 213 821 2044 7014 3181 4012 7420 1892 253 1140 418 8024 3338 2066 8356 6942 
l
6 54 163 213 821 2044 7014 3181 4012 7420 1892 253 1140 418 8024 3338 2066 8356 6942 
c
6 54 163 376 821 2044 7014 3181 4012 7420 1892 2145 1140 418 8024 3338 2066 8356 6942 
o
6 54 163 376 1197 2044 7014 3181 4012 1432 1892 2145 3285 418 8024 3338 2066 8356 6942 
m
6 54 163 376 1197 3241 7014 3181 4012 1432 1892 2145 3285 418 8024 3338 2066 8356 5298 
e
6 60 163 376 1197 3241 255 3181 4012 1432 1892 2145 3285 418 8442 3338 2066 8356 5298 
 
6 60 163 376 1197 3241 255 3436 4012 1432 3324 2145 3285 418 8442 1780 2066 8356 5298 
t
6 60 163 376 1197 3241 255 3436 7448 1432 3324 2145 3285 418 8442 1780 2066 8356 5298 
o
6 60 163 376 1573 3241 255 3436 7448 8880 3324 2145 5430 418 8442 1780 2066 8356 5298 
 
6 60 163 376 1573 3241 255 3691 7448 8880 2204 2145 5430 418 8442 222 2066 8356 5298 
c
6 60 163 539 1573 3241 255 3691 7448 8880 2204 4349 5430 418 8442 222 2066 8356 5298 
o
6 60 163 539 2112 3241 255 3691 7448 6328 2204 4349 9779 418 8442 222 2066 8356 5298 
d
6 60 163 539 2112 3241 255 3691 7448 6328 2204 4349 9779 197 8442 222 2066 8356 5298 
e
6 66 163 539 2112 3241 3496 3691 7448 6328 2204 4349 9779 197 8639 222 2066 8356 5298 
 
6 66 163 539 2112 3241 3496 7187 7448 6328 8532 4349 9779 197 8639 8861 2066 8356 5298 
j
6 66 163 539 2112 3241 3496 7187 7448 6328 8532 4349 9779 197 8639 8861 927 8356 5298 
a
6 66 163 539 2112 3241 3496 7187 7448 6328 8532 4349 9779 197 8639 8861 927 9283 5298 
m
6 66 163 539 2112 5353 3496 7187 7448 6328 8532 4349 9779 197 8639 8861 927 9283 4581 
.
6 66 163 539 2112 5353 3496 7187 7448 6328 8532 4349 9779 197 8639 8861 927 9283 4581 
"
6 66 163 539 2112 5353 3496 7187 7448 6328 8532 4349 9779 197 8639 8861 927 9283 4581 
 
6 66 163 539 2112 5353 3496 683 7448 6328 4860 4349 9779 197 8639 7500 927 9283 4581 
A
6 66 163 539 2112 5353 3496 683 7448 6328 4860 4349 9779 197 8639 7500 927 9283 4581 
f
6 66 163 539 2112 5353 3496 683 7448 6328 4860 4349 9779 197 8639 7500 927 9283 4581 
t
6 66 163 539 2112 5353 3496 683 8131 6328 4860 4349 9779 197 8639 7500 927 9283 4581 
e
6 72 163 539 2112 5353 8849 683 8131 6328 4860 4349 9779 197 8836 7500 927 9283 4581 
r
6 72 163 539 2112 5353 8849 683 8131 6328 4860 4349 9779 197 8836 7500 927 9283 4581 
 
6 72 163 539 2112 5353 8849 9532 8131 6328 1188 4349 9779 197 8836 6336 927 9283 4581 
s
6 72 163 539 2112 5353 8849 9532 8131 6328 1188 4349 9779 197 8836 6336 927 9283 4581 
o
6 72 163 539 2651 5353 8849 9532 8131 4459 1188 4349 4128 197 8836 6336 927 9283 4581 
l
6 72 235 539 2651 5353 8849 9532 8131 4459 1188 4349 4128 197 8836 6336 927 9283 4581 
v
6 72 235 539 2651 5353 8849 9532 8131 4459 1188 4349 4128 197 8836 6336 927 9283 4581 
i
6 72 235 539 2651 5353 8849 9532 8131 4459 1188 4349 4128 197 8836 6336 927 9283 4581 
n
6 72 235 539 2651 5353 8849 9532 8131 4459 1188 4349 4128 197 8836 6336 927 9283 4581 
g
6 72 235 539 2651 5353 8849 9532 8131 4459 1188 4349 4128 197 8836 6336 927 9283 4581 
 
6 72 235 539 2651 5353 8849 8381 8131 4459 5647 4349 4128 197 8836 5172 927 9283 4581 
t
6 72 235 539 2651 5353 8849 8381 6512 4459 5647 4349 4128 197 8836 5172 927 9283 4581 
h
6 72 235 539 2651 5353 8849 8381 6512 4459 5647 4349 4128 197 8836 5172 927 9283 4581 
i
6 72 235 539 2651 5353 8849 8381 6512 4459 5647 4349 4128 197 8836 5172 927 9283 4581 
s
6 72 235 539 2651 5353 8849 8381 6512 4459 5647 4349 4128 197 8836 5172 927 9283 4581 
 
6 72 235 539 2651 5353 8849 7230 6512 4459 106 4349 4128 197 8836 4008 927 9283 4581 
p
6 72 235 539 2651 5353 8849 7230 6512 4459 106 4349 4128 197 8836 4008 927 9283 4581 
r
6 72 235 539 2651 5353 8849 7230 6512 4459 106 4349 4128 197 8836 4008 927 9283 4581 
o
6 72 235 539 3190 5353 8849 7230 6512 971 106 4349 8477 197 8836 4008 927 9283 4581 
b
6 72 235 539 3190 5353 8849 7230 6512 971 106 4349 8477 197 8836 4008 927 9283 4581 
l
6 72 307 539 3190 5353 8849 7230 6512 971 106 4349 8477 197 8836 4008 927 9283 4581 
e
6 78 307 539 3190 5353 4202 7230 6512 971 106 4349 8477 197 9033 4008 927 9283 4581 
m
6 78 307 539 3190 8543 4202 7230 6512 971 106 4349 8477 197 9033 4008 927 9283 3864 
,
6 78 307 539 3190 8543 4202 7230 6512 971 106 4349 8477 197 9033 4008 927 9283 3864 
 
6 78 307 539 3190 8543 4202 1432 6512 971 1077 4349 8477 197 9033 3041 927 9283 3864 
w
7 78 307 539 3190 8543 4202 1432 6512 971 1077 4349 8477 197 9033 3041 927 9283 3864 
e
7 85 307 539 3190 8543 2745 1432 6512 971 1077 4349 8477 197 9230 3041 927 9283 3864 
 
7 85 307 539 3190 8543 2745 4177 6512 971 2048 4349 8477 197 9230 2271 927 9283 3864 
h
7 85 307 539 3190 8543 2745 4177 6512 971 2048 4349 8477 197 9230 2271 927 9283 3864 
o
7 85 307 539 3729 8543 2745 4177 6512 7483 2048 4349 2826 197 9230 2271 927 9283 3864 
p
7 85 307 539 3729 8543 2745 4177 6512 7483 2048 4349 2826 197 9230 2271 927 9283 3864 
e
7 92 307 539 3729 8543 1288 4177 6512 7483 2048 4349 2826 197 9427 2271 927 9283 3864 
 
7 92 307 539 3729 8543 1288 5465 6512 7483 9531 4349 2826 197 9427 1698 927 9283 3864 
t
7 92 307 539 3729 8543 1288 5465 1977 7483 9531 4349 2826 197 9427 1698 927 9283 3864 
h
7 92 307 539 3729 8543 1288 5465 1977 7483 9531 4349 2826 197 9427 1698 927 9283 3864 
a
7 92 307 539 3729 8543 1288 5465 1977 7483 9531 4349 2826 197 9427 1698 927 210 3864 
t
7 92 307 539 3729 8543 1288 5465 7442 7483 9531 4349 2826 197 9427 1698 927 210 3864 
 
7 92 307 539 3729 8543 1288 6753 7442 7483 7014 4349 2826 197 9427 1125 927 210 3864 
y
7 92 307 539 3729 8543 1288 6753 7442 7483 7014 4349 2826 197 9427 1125 927 210 3864 
o
7 92 307 539 4268 8543 1288 6753 7442 4925 7014 4349 7175 197 9427 1125 927 210 3864 
u
7 92 307 539 4268 8543 1288 6753 7442 4925 7014 4349 7175 197 9427 1125 927 210 3864 
'
7 92 307 539 4268 8543 1288 6753 7442 4925 7014 4349 7175 197 9427 1125 927 210 3864 
l
7 92 399 539 4268 8543 1288 6753 7442 4925 7014 4349 7175 197 9427 1125 927 210 3864 
l
7 92 491 539 4268 8543 1288 6753 7442 4925 7014 4349 7175 197 9427 1125 927 210 3864 
 
7 92 491 539 4268 8543 1288 8041 7442 4925 1939 4349 7175 197 9427 552 927 210 3864 
f
7 92 491 539 4268 8543 1288 8041 7442 4925 1939 4349 7175 197 9427 552 927 210 3864 
e
7 99 491 539 4268 8543 9831 8041 7442 4925 1939 4349 7175 197 9624 552 927 210 3864 
e
7 106 491 539 4268 8543 8374 8041 7442 4925 1939 4349 7175 197 9821 552 927 210 3864 
l
7 106 597 539 4268 8543 8374 8041 7442 4925 1939 4349 7175 197 9821 552 927 210 3864 
 
7 106 597 539 4268 8543 8374 6415 7442 4925 6864 4349 7175 197 9821 373 927 210 3864 
v
7 106 597 539 4268 8543 8374 6415 7442 4925 6864 4349 7175 197 9821 373 927 210 3864 
e
7 113 597 539 4268 8543 6917 6415 7442 4925 6864 4349 7175 197 18 373 927 210 3864 
r
7 113 597 539 4268 8543 6917 6415 7442 4925 6864 4349 7175 197 18 373 927 210 3864 
y
7 113 597 539 4268 8543 6917 6415 7442 4925 6864 4349 7175 197 18 373 927 210 3864 
 
7 113 597 539 4268 8543 6917 3332 7442 4925 1789 4349 7175 197 18 391 927 210 3864 
w
8 113 597 539 4268 8543 6917 3332 7442 4925 1789 4349 7175 197 18 391 927 210 3864 
e
8 121 597 539 4268 8543 5460 3332 7442 4925 1789 4349 7175 197 215 391 927 210 3864 
l
8 121 718 539 4268 8543 5460 3332 7442 4925 1789 4349 7175 197 215 391 927 210 3864 
c
8 121 718 1257 4268 8543 5460 3332 7442 4925 1789 6138 7175 197 215 391 927 210 3864 
o
8 121 718 1257 5525 8543 5460 3332 7442 2367 1789 6138 3313 197 215 391 927 210 3864 
m
8 121 718 1257 5525 4068 5460 3332 7442 2367 1789 6138 3313 197 215 391 927 210 4074 
e
8 129 718 1257 5525 4068 9528 3332 7442 2367 1789 6138 3313 197 412 391 927 210 4074 
.
8 129 718 1257 5525 4068 9528 3332 7442 2367 1789 6138 3313 197 412 391 927 210 4074 
 
8 129 718 1257 5525 4068 9528 2860 7442 2367 4156 6138 3313 197 412 803 927 210 4074 
V
8 129 718 1257 5525 4068 9528 2860 7442 2367 4156 6138 3313 197 412 803 927 210 4074 
e
8 137 718 1257 5525 4068 3596 2860 7442 2367 4156 6138 3313 197 609 803 927 210 4074 
r
8 137 718 1257 5525 4068 3596 2860 7442 2367 4156 6138 3313 197 609 803 927 210 4074 
y
8 137 718 1257 5525 4068 3596 2860 7442 2367 4156 6138 3313 197 609 803 927 210 4074 
 
8 137 718 1257 5525 4068 3596 6456 7442 2367 6523 6138 3313 197 609 1412 927 210 4074 
w
9 137 718 1257 5525 4068 3596 6456 7442 2367 6523 6138 3313 197 609 1412 927 210 4074 
e
9 146 718 1257 5525 4068 7664 6456 7442 2367 6523 6138 3313 197 806 1412 927 210 4074 
l
9 146 864 1257 5525 4068 7664 6456 7442 2367 6523 6138 3313 197 806 1412 927 210 4074 
c
9 146 864 2121 5525 4068 7664 6456 7442 2367 6523 2661 3313 197 806 1412 927 210 4074 
o
9 146 864 2121 7646 4068 7664 6456 7442 9809 6523 2661 5974 197 806 1412 927 210 4074 
m
9 146 864 2121 7646 1714 7664 6456 7442 9809 6523 2661 5974 197 806 1412 927 210 4284 
e
9 155 864 2121 7646 1714 9378 6456 7442 9809 6523 2661 5974 197 1003 1412 927 210 4284 
,
9 155 864 2121 7646 1714 9378 6456 7442 9809 6523 2661 5974 197 1003 1412 927 210 4284 
 
9 155 864 2121 7646 1714 9378 5834 7442 9809 6332 2661 5974 197 1003 2415 927 210 4284 
t
9 155 864 2121 7646 1714 9378 5834 3276 9809 6332 2661 5974 197 1003 2415 927 210 4284 
h
9 155 864 2121 7646 1714 9378 5834 3276 9809 6332 2661 5974 197 1003 2415 927 210 4284 
a
9 155 864 2121 7646 1714 9378 5834 3276 9809 6332 2661 5974 197 1003 2415 927 1137 4284 
t
9 155 864 2121 7646 1714 9378 5834 9110 9809 6332 2661 5974 197 1003 2415 927 1137 4284 
 
9 155 864 2121 7646 1714 9378 5212 9110 9809 6141 2661 5974 197 1003 3418 927 1137 4284 
i
9 155 864 2121 7646 1714 9378 5212 9110 9809 6141 2661 5974 197 1003 3418 927 1137 4284 
s
9 155 864 2121 7646 1714 9378 5212 9110 9809 6141 2661 5974 197 1003 3418 927 1137 4284 
,
9 155 864 2121 7646 1714 9378 5212 9110 9809 6141 2661 5974 197 1003 3418 927 1137 4284 
 
9 155 864 2121 7646 1714 9378 4590 9110 9809 5950 2661 5974 197 1003 4421 927 1137 4284 
t
9 155 864 2121 7646 1714 9378 4590 3700 9809 5950 2661 5974 197 1003 4421 927 1137 4284 
o
9 155 864 2121 9767 1714 9378 4590 3700 3509 5950 2661 8635 197 1003 4421 927 1137 4284 
 
9 155 864 2121 9767 1714 9378 3968 3700 3509 9459 2661 8635 197 1003 5424 927 1137 4284 
c
9 155 864 2985 9767 1714 9378 3968 3700 3509 9459 2120 8635 197 1003 5424 927 1137 4284 
o
9 155 864 2985 2752 1714 9378 3968 3700 7209 9459 2120 755 197 1003 5424 927 1137 4284 
d
9 155 864 2985 2752 1714 9378 3968 3700 7209 9459 2120 755 952 1003 5424 927 1137 4284 
e
9 164 864 2985 2752 1714 1092 3968 3700 7209 9459 2120 755 952 1955 5424 927 1137 4284 
 
9 164 864 2985 2752 1714 1092 5060 3700 7209 6668 2120 755 952 1955 7379 927 1137 4284 
j
9 164 864 2985 2752 1714 1092 5060 3700 7209 6668 2120 755 952 1955 7379 8306 1137 4284 
a
9 164 864 2985 2752 1714 1092 5060 3700 7209 6668 2120 755 952 1955 7379 8306 9443 4284 
m
9 164 864 2985 2752 4466 1092 5060 3700 7209 6668 2120 755 952 1955 7379 8306 9443 3727 
.
Case #1: 3727
