1 0 0 0 0 0 0 0 0 0 0 0 0 0 0 0 0 0 0 0 
s
1 0 0 0 0 0 0 0 0 0 0 0 0 0 0 0 0 0 0 0 
o
1 0 0 0 0 0 0 0 0 0 0 0 0 0 0 0 0 0 0 0 
 
1 0 0 0 0 0 0 0 0 0 0 0 0 0 0 0 0 0 0 0 
y
1 0 0 0 0 0 0 0 0 0 0 0 0 0 0 0 0 0 0 0 
o
1 0 0 0 0 0 0 0 0 0 0 0 0 0 0 0 0 0 0 0 
u
1 0 0 0 0 0 0 0 0 0 0 0 0 0 0 0 0 0 0 0 
'
1 0 0 0 0 0 0 0 0 0 0 0 0 0 0 0 0 0 0 0 
v
1 0 0 0 0 0 0 0 0 0 0 0 0 0 0 0 0 0 0 0 
e
1 0 0 0 0 0 0 0 0 0 0 0 0 0 0 0 0 0 0 0 
 
1 0 0 0 0 0 0 0 0 0 0 0 0 0 0 0 0 0 0 0 
r
1 0 0 0 0 0 0 0 0 0 0 0 0 0 0 0 0 0 0 0 
e
1 0 0 0 0 0 0 0 0 0 0 0 0 0 0 0 0 0 0 0 
g
1 0 0 0 0 0 0 0 0 0 0 0 0 0 0 0 0 0 0 0 
i
1 0 0 0 0 0 0 0 0 0 0 0 0 0 0 0 0 0 0 0 
s
1 0 0 0 0 0 0 0 0 0 0 0 0 0 0 0 0 0 0 0 
t
1 0 0 0 0 0 0 0 0 0 0 0 0 0 0 0 0 0 0 0 
e
1 0 0 0 0 0 0 0 0 0 0 0 0 0 0 0 0 0 0 0 
r
1 0 0 0 0 0 0 0 0 0 0 0 0 0 0 0 0 0 0 0 
e
1 0 0 0 0 0 0 0 0 0 0 0 0 0 0 0 0 0 0 0 
d
1 0 0 0 0 0 0 0 0 0 0 0 0 0 0 0 0 0 0 0 
.
1 0 0 0 0 0 0 0 0 0 0 0 0 0 0 0 0 0 0 0 
 
1 0 0 0 0 0 0 0 0 0 0 0 0 0 0 0 0 0 0 0 
w
1 1 0 0 0 0 0 0 0 0 0 0 0 0 0 0 0 0 0 0 
e
1 1 1 0 0 0 0 0 0 0 0 0 0 0 0 0 0 0 0 0 
 
1 1 1 0 0 0 0 0 0 0 0 0 0 0 0 0 0 0 0 0 
s
1 1 1 0 0 0 0 0 0 0 0 0 0 0 0 0 0 0 0 0 
e
1 1 2 0 0 0 0 0 0 0 0 0 0 0 0 0 0 0 0 0 
n
1 1 2 0 0 0 0 0 0 0 0 0 0 0 0 0 0 0 0 0 
t
1 1 2 0 0 0 0 0 0 0 0 0 0 0 0 0 0 0 0 0 
 
1 1 2 0 0 0 0 0 0 0 0 0 0 0 0 0 0 0 0 0 
y
1 1 2 0 0 0 0 0 0 0 0 0 0 0 0 0 0 0 0 0 
o
1 1 2 0 0 0 0 0 0 0 0 0 0 0 0 0 0 0 0 0 
u
1 1 2 0 0 0 0 0 0 0 0 0 0 0 0 0 0 0 0 0 
 
1 1 2 0 0 0 0 0 0 0 0 0 0 0 0 0 0 0 0 0 
a
1 1 2 0 0 0 0 0 0 0 0 0 0 0 0 0 0 0 0 0 
 
1 1 2 0 0 0 0 0 0 0 0 0 0 0 0 0 0 0 0 0 
w
1 2 2 0 0 0 0 0 0 0 0 0 0 0 0 0 0 0 0 0 
e
1 2 4 0 0 0 0 0 0 0 0 0 0 0 0 0 0 0 0 0 
l
1 2 4 4 0 0 0 0 0 0 0 0 0 0 0 0 0 0 0 0 
c
1 2 4 4 4 0 0 0 0 0 0 0 0 0 0 0 0 0 0 0 
o
1 2 4 4 4 4 0 0 0 0 0 0 0 0 0 0 0 0 0 0 
m
1 2 4 4 4 4 4 0 0 0 0 0 0 0 0 0 0 0 0 0 
i
1 2 4 4 4 4 4 0 0 0 0 0 0 0 0 0 0 0 0 0 
n
1 2 4 4 4 4 4 0 0 0 0 0 0 0 0 0 0 0 0 0 
g
1 2 4 4 4 4 4 0 0 0 0 0 0 0 0 0 0 0 0 0 
 
1 2 4 4 4 4 4 0 0 0 0 0 0 0 0 0 0 0 0 0 
e
1 2 6 4 4 4 4 4 0 0 0 0 0 0 0 0 0 0 0 0 
m
1 2 6 4 4 4 8 4 0 0 0 0 0 0 0 0 0 0 0 0 
a
1 2 6 4 4 4 8 4 0 0 0 0 0 0 0 0 0 0 0 0 
i
1 2 6 4 4 4 8 4 0 0 0 0 0 0 0 0 0 0 0 0 
l
1 2 6 10 4 4 8 4 0 0 0 0 0 0 0 0 0 0 0 0 
,
1 2 6 10 4 4 8 4 0 0 0 0 0 0 0 0 0 0 0 0 
 
1 2 6 10 4 4 8 4 4 0 0 0 0 0 0 0 0 0 0 0 
t
1 2 6 10 4 4 8 4 4 4 0 0 0 0 0 0 0 0 0 0 
o
1 2 6 10 4 8 8 4 4 4 4 0 0 0 0 0 0 0 0 0 
 
1 2 6 10 4 8 8 4 8 4 4 4 0 0 0 0 0 0 0 0 
w
1 3 6 10 4 8 8 4 8 4 4 4 0 0 0 0 0 0 0 0 
e
1 3 9 10 4 8 8 12 8 4 4 4 0 0 0 0 0 0 0 0 
l
1 3 9 19 4 8 8 12 8 4 4 4 0 0 0 0 0 0 0 0 
c
1 3 9 19 23 8 8 12 8 4 4 4 4 0 0 0 0 0 0 0 
o
1 3 9 19 23 31 8 12 8 4 8 4 4 4 0 0 0 0 0 0 
m
1 3 9 19 23 31 39 12 8 4 8 4 4 4 0 0 0 0 0 0 
e
1 3 12 19 23 31 39 51 8 4 8 4 4 4 0 0 0 0 0 0 
 
1 3 12 19 23 31 39 51 59 4 8 12 4 4 0 0 0 0 0 0 
y
1 3 12 19 23 31 39 51 59 4 8 12 4 4 0 0 0 0 0 0 
o
1 3 12 19 23 54 39 51 59 4 12 12 4 8 0 0 0 0 0 0 
u
1 3 12 19 23 54 39 51 59 4 12 12 4 8 0 0 0 0 0 0 
 
1 3 12 19 23 54 39 51 110 4 12 24 4 8 0 0 0 0 0 0 
t
1 3 12 19 23 54 39 51 110 114 12 24 4 8 0 0 0 0 0 0 
o
1 3 12 19 23 77 39 51 110 114 126 24 4 12 0 0 0 0 0 0 
 
1 3 12 19 23 77 39 51 161 114 126 150 4 12 0 0 0 0 0 0 
c
1 3 12 19 42 77 39 51 161 114 126 150 154 12 0 0 0 0 0 0 
o
1 3 12 19 42 119 39 51 161 114 240 150 154 166 0 0 0 0 0 0 
d
1 3 12 19 42 119 39 51 161 114 240 150 154 166 166 0 0 0 0 0 
e
1 3 15 19 42 119 39 90 161 114 240 150 154 166 166 166 0 0 0 0 
 
1 3 15 19 42 119 39 90 251 114 240 390 154 166 166 166 166 0 0 0 
j
1 3 15 19 42 119 39 90 251 114 240 390 154 166 166 166 166 166 0 0 
a
1 3 15 19 42 119 39 90 251 114 240 390 154 166 166 166 166 166 166 0 
m
1 3 15 19 42 119 158 90 251 114 240 390 154 166 166 166 166 166 166 166 
.
1 3 15 19 42 119 158 90 251 114 240 390 154 166 166 166 166 166 166 166 
 
1 3 15 19 42 119 158 90 341 114 240 630 154 166 166 166 332 166 166 166 
b
1 3 15 19 42 119 158 90 341 114 240 630 154 166 166 166 332 166 166 166 
u
1 3 15 19 42 119 158 90 341 114 240 630 154 166 166 166 332 166 166 166 
t
1 3 15 19 42 119 158 90 341 455 240 630 154 166 166 166 332 166 166 166 
 
1 3 15 19 42 119 158 90 431 455 240 870 154 166 166 166 498 166 166 166 
i
1 3 15 19 42 119 158 90 431 455 240 870 154 166 166 166 498 166 166 166 
t
1 3 15 19 42 119 158 90 431 886 240 870 154 166 166 166 498 166 166 166 
'
1 3 15 19 42 119 158 90 431 886 240 870 154 166 166 166 498 166 166 166 
s
1 3 15 19 42 119 158 90 431 886 240 870 154 166 166 166 498 166 166 166 
 
1 3 15 19 42 119 158 90 521 886 240 1110 154 166 166 166 664 166 166 166 
p
1 3 15 19 42 119 158 90 521 886 240 1110 154 166 166 166 664 166 166 166 
o
1 3 15 19 42 161 158 90 521 886 1126 1110 154 320 166 166 664 166 166 166 
s
1 3 15 19 42 161 158 90 521 886 1126 1110 154 320 166 166 664 166 166 166 
s
1 3 15 19 42 161 158 90 521 886 1126 1110 154 320 166 166 664 166 166 166 
i
1 3 15 19 42 161 158 90 521 886 1126 1110 154 320 166 166 664 166 166 166 
b
1 3 15 19 42 161 158 90 521 886 1126 1110 154 320 166 166 664 166 166 166 
l
1 3 15 34 42 161 158 90 521 886 1126 1110 154 320 166 166 664 166 166 166 
e
1 3 18 34 42 161 158 248 521 886 1126 1110 154 320 166 332 664 166 166 166 
 
1 3 18 34 42 161 158 248 769 886 1126 2236 154 320 166 332 996 166 166 166 
t
1 3 18 34 42 161 158 248 769 1655 1126 2236 154 320 166 332 996 166 166 166 
h
1 3 18 34 42 161 158 248 769 1655 1126 2236 154 320 166 332 996 166 166 166 
a
1 3 18 34 42 161 158 248 769 1655 1126 2236 154 320 166 332 996 166 332 166 
t
1 3 18 34 42 161 158 248 769 2424 1126 2236 154 320 166 332 996 166 332 166 
 
1 3 18 34 42 161 158 248 1017 2424 1126 3362 154 320 166 332 1328 166 332 166 
y
1 3 18 34 42 161 158 248 1017 2424 1126 3362 154 320 166 332 1328 166 332 166 
o
1 3 18 34 42 203 158 248 1017 2424 3550 3362 154 474 166 332 1328 166 332 166 
u
1 3 18 34 42 203 158 248 1017 2424 3550 3362 154 474 166 332 1328 166 332 166 
 
1 3 18 34 42 203 158 248 1265 2424 3550 6912 154 474 166 332 1660 166 332 166 
s
1 3 18 34 42 203 158 248 1265 2424 3550 6912 154 474 166 332 1660 166 332 166 
t
1 3 18 34 42 203 158 248 1265 3689 3550 6912 154 474 166 332 1660 166 332 166 
i
1 3 18 34 42 203 158 248 1265 3689 3550 6912 154 474 166 332 1660 166 332 166 
l
1 3 18 52 42 203 158 248 1265 3689 3550 6912 154 474 166 332 1660 166 332 166 
l
1 3 18 70 42 203 158 248 1265 3689 3550 6912 154 474 166 332 1660 166 332 166 
 
1 3 18 70 42 203 158 248 1513 3689 3550 10462 154 474 166 332 1992 166 332 166 
d
1 3 18 70 42 203 158 248 1513 3689 3550 10462 154 474 640 332 1992 166 332 166 
o
1 3 18 70 42 245 158 248 1513 3689 7239 10462 154 628 640 332 1992 166 332 166 
n
1 3 18 70 42 245 158 248 1513 3689 7239 10462 154 628 640 332 1992 166 332 166 
'
1 3 18 70 42 245 158 248 1513 3689 7239 10462 154 628 640 332 1992 166 332 166 
t
1 3 18 70 42 245 158 248 1513 5202 7239 10462 154 628 640 332 1992 166 332 166 
 
1 3 18 70 42 245 158 248 1761 5202 7239 17701 154 628 640 332 2324 166 332 166 
f
1 3 18 70 42 245 158 248 1761 5202 7239 17701 154 628 640 332 2324 166 332 166 
e
1 3 21 70 42 245 158 406 1761 5202 7239 17701 154 628 640 972 2324 166 332 166 
e
1 3 24 70 42 245 158 564 1761 5202 7239 17701 154 628 640 1612 2324 166 332 166 
l
1 3 24 94 42 245 158 564 1761 5202 7239 17701 154 628 640 1612 2324 166 332 166 
 
1 3 24 94 42 245 158 564 2325 5202 7239 24940 154 628 640 1612 3936 166 332 166 
w
1 4 24 94 42 245 158 564 2325 5202 7239 24940 154 628 640 1612 3936 166 332 166 
e
1 4 28 94 42 245 158 722 2325 5202 7239 24940 154 628 640 2252 3936 166 332 166 
l
1 4 28 122 42 245 158 722 2325 5202 7239 24940 154 628 640 2252 3936 166 332 166 
c
1 4 28 122 164 245 158 722 2325 5202 7239 24940 25094 628 640 2252 3936 166 332 166 
o
1 4 28 122 164 409 158 722 2325 5202 12441 24940 25094 25722 640 2252 3936 166 332 166 
m
1 4 28 122 164 409 567 722 2325 5202 12441 24940 25094 25722 640 2252 3936 166 332 498 
e
1 4 32 122 164 409 567 1289 2325 5202 12441 24940 25094 25722 640 2892 3936 166 332 498 
d
1 4 32 122 164 409 567 1289 2325 5202 12441 24940 25094 25722 26362 2892 3936 166 332 498 
 
1 4 32 122 164 409 567 1289 3614 5202 12441 37381 25094 25722 26362 2892 6828 166 332 498 
t
1 4 32 122 164 409 567 1289 3614 8816 12441 37381 25094 25722 26362 2892 6828 166 332 498 
o
1 4 32 122 164 573 567 1289 3614 8816 21257 37381 25094 50816 26362 2892 6828 166 332 498 
 
1 4 32 122 164 573 567 1289 4903 8816 21257 58638 25094 50816 26362 2892 9720 166 332 498 
c
1 4 32 122 286 573 567 1289 4903 8816 21257 58638 83732 50816 26362 2892 9720 166 332 498 
o
1 4 32 122 286 859 567 1289 4903 8816 30073 58638 83732 134548 26362 2892 9720 166 332 498 
d
1 4 32 122 286 859 567 1289 4903 8816 30073 58638 83732 34548 160910 2892 9720 166 332 498 
e
1 4 36 122 286 859 567 1856 4903 8816 30073 58638 83732 34548 60910 163802 9720 166 332 498 
 
1 4 36 122 286 859 567 1856 6759 8816 30073 88711 83732 34548 60910 63802 173522 166 332 498 
j
1 4 36 122 286 859 567 1856 6759 8816 30073 88711 83732 34548 60910 63802 73522 173688 332 498 
a
1 4 36 122 286 859 567 1856 6759 8816 30073 88711 83732 34548 60910 63802 73522 73688 174020 498 
m
1 4 36 122 286 859 1426 1856 6759 8816 30073 88711 83732 34548 60910 63802 73522 73688 74020 174518 
.
1 4 36 122 286 859 1426 1856 6759 8816 30073 88711 83732 34548 60910 63802 73522 73688 74020 74518 
 
1 4 36 122 286 859 1426 1856 8615 8816 30073 118784 83732 34548 60910 63802 137324 73688 74020 74518 
t
1 4 36 122 286 859 1426 1856 8615 17431 30073 18784 83732 34548 60910 63802 37324 73688 74020 74518 
h
1 4 36 122 286 859 1426 1856 8615 17431 30073 18784 83732 34548 60910 63802 37324 73688 74020 74518 
a
1 4 36 122 286 859 1426 1856 8615 17431 30073 18784 83732 34548 60910 63802 37324 73688 147708 74518 
t
1 4 36 122 286 859 1426 1856 8615 26046 30073 18784 83732 34548 60910 63802 37324 73688 47708 74518 
'
1 4 36 122 286 859 1426 1856 8615 26046 30073 18784 83732 34548 60910 63802 37324 73688 47708 74518 
s
1 4 36 122 286 859 1426 1856 8615 26046 30073 18784 83732 34548 60910 63802 37324 73688 47708 74518 
 
1 4 36 122 286 859 1426 1856 10471 26046 30073 48857 83732 34548 60910 63802 101126 73688 47708 74518 
w
1 5 36 122 286 859 1426 1856 10471 26046 30073 48857 83732 34548 60910 63802 1126 73688 47708 74518 
h
1 5 36 122 286 859 1426 1856 10471 26046 30073 48857 83732 34548 60910 63802 1126 73688 47708 74518 
y
1 5 36 122 286 859 1426 1856 10471 26046 30073 48857 83732 34548 60910 63802 1126 73688 47708 74518 
 
1 5 36 122 286 859 1426 1856 12327 26046 30073 78930 83732 34548 60910 63802 64928 73688 47708 74518 
w
1 6 36 122 286 859 1426 1856 12327 26046 30073 78930 83732 34548 60910 63802 64928 73688 47708 74518 
e
1 6 42 122 286 859 1426 3282 12327 26046 30073 78930 83732 34548 60910 124712 64928 73688 47708 74518 
 
1 6 42 122 286 859 1426 3282 15609 26046 30073 109003 83732 34548 60910 24712 189640 73688 47708 74518 
d
1 6 42 122 286 859 1426 3282 15609 26046 30073 9003 83732 34548 95458 24712 89640 73688 47708 74518 
e
1 6 48 122 286 859 1426 4708 15609 26046 30073 9003 83732 34548 95458 120170 89640 73688 47708 74518 
c
1 6 48 122 408 859 1426 4708 15609 26046 30073 9003 92735 34548 95458 20170 89640 73688 47708 74518 
i
1 6 48 122 408 859 1426 4708 15609 26046 30073 9003 92735 34548 95458 20170 89640 73688 47708 74518 
d
1 6 48 122 408 859 1426 4708 15609 26046 30073 9003 92735 34548 130006 20170 89640 73688 47708 74518 
e
1 6 54 122 408 859 1426 6134 15609 26046 30073 9003 92735 34548 30006 150176 89640 73688 47708 74518 
d
1 6 54 122 408 859 1426 6134 15609 26046 30073 9003 92735 34548 64554 50176 89640 73688 47708 74518 
 
1 6 54 122 408 859 1426 6134 21743 26046 30073 39076 92735 34548 64554 50176 139816 73688 47708 74518 
t
1 6 54 122 408 859 1426 6134 21743 47789 30073 39076 92735 34548 64554 50176 39816 73688 47708 74518 
o
1 6 54 122 408 1267 1426 6134 21743 47789 77862 39076 92735 127283 64554 50176 39816 73688 47708 74518 
 
1 6 54 122 408 1267 1426 6134 27877 47789 77862 116938 92735 27283 64554 50176 89992 73688 47708 74518 
n
1 6 54 122 408 1267 1426 6134 27877 47789 77862 16938 92735 27283 64554 50176 89992 73688 47708 74518 
a
1 6 54 122 408 1267 1426 6134 27877 47789 77862 16938 92735 27283 64554 50176 89992 73688 121396 74518 
m
1 6 54 122 408 1267 2693 6134 27877 47789 77862 16938 92735 27283 64554 50176 89992 73688 21396 195914 
e
1 6 60 122 408 1267 2693 8827 27877 47789 77862 16938 92735 27283 64554 114730 89992 73688 21396 95914 
 
1 6 60 122 408 1267 2693 8827 36704 47789 77862 94800 92735 27283 64554 14730 204722 73688 21396 95914 
a
1 6 60 122 408 1267 2693 8827 36704 47789 77862 94800 92735 27283 64554 14730 4722 73688 95084 95914 
 
1 6 60 122 408 1267 2693 8827 45531 47789 77862 172662 92735 27283 64554 14730 19452 73688 95084 95914 
p
1 6 60 122 408 1267 2693 8827 45531 47789 77862 72662 92735 27283 64554 14730 19452 73688 95084 95914 
r
1 6 60 122 408 1267 2693 8827 45531 47789 77862 72662 92735 27283 64554 14730 19452 73688 95084 95914 
o
1 6 60 122 408 1675 2693 8827 45531 47789 125651 72662 92735 120018 64554 14730 19452 73688 95084 95914 
b
1 6 60 122 408 1675 2693 8827 45531 47789 25651 72662 92735 20018 64554 14730 19452 73688 95084 95914 
l
1 6 60 182 408 1675 2693 8827 45531 47789 25651 72662 92735 20018 64554 14730 19452 73688 95084 95914 
e
1 6 66 182 408 1675 2693 11520 45531 47789 25651 72662 92735 20018 64554 79284 19452 73688 95084 95914 
m
1 6 66 182 408 1675 4368 11520 45531 47789 25651 72662 92735 20018 64554 79284 19452 73688 95084 190998 
 
1 6 66 182 408 1675 4368 11520 57051 47789 25651 98313 92735 20018 64554 79284 98736 73688 95084 90998 
"
1 6 66 182 408 1675 4368 11520 57051 47789 25651 98313 92735 20018 64554 79284 98736 73688 95084 90998 
w
1 7 66 182 408 1675 4368 11520 57051 47789 25651 98313 92735 20018 64554 79284 98736 73688 95084 90998 
e
1 7 73 182 408 1675 4368 15888 57051 47789 25651 98313 92735 20018 64554 143838 98736 73688 95084 90998 
l
1 7 73 255 408 1675 4368 15888 57051 47789 25651 98313 92735 20018 64554 43838 98736 73688 95084 90998 
c
1 7 73 255 663 1675 4368 15888 57051 47789 25651 98313 191048 20018 64554 43838 98736 73688 95084 90998 
o
1 7 73 255 663 2338 4368 15888 57051 47789 73440 98313 91048 211066 64554 43838 98736 73688 95084 90998 
m
1 7 73 255 663 2338 6706 15888 57051 47789 73440 98313 91048 11066 64554 43838 98736 73688 95084 186082 
e
1 7 80 255 663 2338 6706 22594 57051 47789 73440 98313 91048 11066 64554 108392 98736 73688 95084 86082 
 
1 7 80 255 663 2338 6706 22594 79645 47789 73440 171753 91048 11066 64554 8392 207128 73688 95084 86082 
t
1 7 80 255 663 2338 6706 22594 79645 127434 73440 71753 91048 11066 64554 8392 7128 73688 95084 86082 
o
1 7 80 255 663 3001 6706 22594 79645 27434 200874 71753 91048 102114 64554 8392 7128 73688 95084 86082 
 
1 7 80 255 663 3001 6706 22594 102239 27434 874 272627 91048 2114 64554 8392 15520 73688 95084 86082 
c
1 7 80 255 918 3001 6706 22594 2239 27434 874 72627 363675 2114 64554 8392 15520 73688 95084 86082 
o
1 7 80 255 918 3919 6706 22594 2239 27434 28308 72627 63675 365789 64554 8392 15520 73688 95084 86082 
d
1 7 80 255 918 3919 6706 22594 2239 27434 28308 72627 63675 65789 430343 8392 15520 73688 95084 86082 
e
1 7 87 255 918 3919 6706 29300 2239 27434 28308 72627 63675 65789 30343 438735 15520 73688 95084 86082 
 
1 7 87 255 918 3919 6706 29300 31539 27434 28308 100935 63675 65789 30343 38735 454255 73688 95084 86082 
j
1 7 87 255 918 3919 6706 29300 31539 27434 28308 935 63675 65789 30343 38735 54255 527943 95084 86082 
a
1 7 87 255 918 3919 6706 29300 31539 27434 28308 935 63675 65789 30343 38735 54255 27943 623027 86082 
m
1 7 87 255 918 3919 10625 29300 31539 27434 28308 935 63675 65789 30343 38735 54255 27943 23027 709109 
.
1 7 87 255 918 3919 10625 29300 31539 27434 28308 935 63675 65789 30343 38735 54255 27943 23027 9109 
"
1 7 87 255 918 3919 10625 29300 31539 27434 28308 935 63675 65789 30343 38735 54255 27943 23027 9109 
 
1 7 87 255 918 3919 10625 29300 60839 27434 28308 29243 63675 65789 30343 38735 92990 27943 23027 9109 
a
1 7 87 255 918 3919 10625 29300 60839 27434 28308 29243 63675 65789 30343 38735 92990 27943 50970 9109 
f
1 7 87 255 918 3919 10625 29300 60839 27434 28308 29243 63675 65789 30343 38735 92990 27943 50970 9109 
t
1 7 87 255 918 3919 10625 29300 60839 88273 28308 29243 63675 65789 30343 38735 92990 27943 50970 9109 
e
1 7 94 255 918 3919 10625 39925 60839 88273 28308 29243 63675 65789 30343 69078 92990 27943 50970 9109 
r
1 7 94 255 918 3919 10625 39925 60839 88273 28308 29243 63675 65789 30343 69078 92990 27943 50970 9109 
 
1 7 94 255 918 3919 10625 39925 100764 88273 28308 57551 63675 65789 30343 69078 162068 27943 50970 9109 
s
1 7 94 255 918 3919 10625 39925 764 88273 28308 57551 63675 65789 30343 69078 62068 27943 50970 9109 
o
1 7 94 255 918 4837 10625 39925 764 88273 116581 57551 63675 129464 30343 69078 62068 27943 50970 9109 
l
1 7 94 349 918 4837 10625 39925 764 88273 16581 57551 63675 29464 30343 69078 62068 27943 50970 9109 
v
1 7 94 349 918 4837 10625 39925 764 88273 16581 57551 63675 29464 30343 69078 62068 27943 50970 9109 
i
1 7 94 349 918 4837 10625 39925 764 88273 16581 57551 63675 29464 30343 69078 62068 27943 50970 9109 
n
1 7 94 349 918 4837 10625 39925 764 88273 16581 57551 63675 29464 30343 69078 62068 27943 50970 9109 
g
1 7 94 349 918 4837 10625 39925 764 88273 16581 57551 63675 29464 30343 69078 62068 27943 50970 9109 
 
1 7 94 349 918 4837 10625 39925 40689 88273 16581 74132 63675 29464 30343 69078 131146 27943 50970 9109 
t
1 7 94 349 918 4837 10625 39925 40689 128962 16581 74132 63675 29464 30343 69078 31146 27943 50970 9109 
h
1 7 94 349 918 4837 10625 39925 40689 28962 16581 74132 63675 29464 30343 69078 31146 27943 50970 9109 
i
1 7 94 349 918 4837 10625 39925 40689 28962 16581 74132 63675 29464 30343 69078 31146 27943 50970 9109 
s
1 7 94 349 918 4837 10625 39925 40689 28962 16581 74132 63675 29464 30343 69078 31146 27943 50970 9109 
 
1 7 94 349 918 4837 10625 39925 80614 28962 16581 90713 63675 29464 30343 69078 100224 27943 50970 9109 
p
1 7 94 349 918 4837 10625 39925 80614 28962 16581 90713 63675 29464 30343 69078 224 27943 50970 9109 
r
1 7 94 349 918 4837 10625 39925 80614 28962 16581 90713 63675 29464 30343 69078 224 27943 50970 9109 
o
1 7 94 349 918 5755 10625 39925 80614 28962 45543 90713 63675 93139 30343 69078 224 27943 50970 9109 
b
1 7 94 349 918 5755 10625 39925 80614 28962 45543 90713 63675 93139 30343 69078 224 27943 50970 9109 
l
1 7 94 443 918 5755 10625 39925 80614 28962 45543 90713 63675 93139 30343 69078 224 27943 50970 9109 
e
1 7 101 443 918 5755 10625 50550 80614 28962 45543 90713 63675 93139 30343 99421 224 27943 50970 9109 
m
1 7 101 443 918 5755 16380 50550 80614 28962 45543 90713 63675 93139 30343 99421 224 27943 50970 60079 
,
1 7 101 443 918 5755 16380 50550 80614 28962 45543 90713 63675 93139 30343 99421 224 27943 50970 60079 
 
1 7 101 443 918 5755 16380 50550 131164 28962 45543 136256 63675 93139 30343 99421 99645 27943 50970 60079 
w
1 8 101 443 918 5755 16380 50550 31164 28962 45543 36256 63675 93139 30343 99421 99645 27943 50970 60079 
e
1 8 109 443 918 5755 16380 66930 31164 28962 45543 36256 63675 93139 30343 129764 99645 27943 50970 60079 
 
1 8 109 443 918 5755 16380 66930 98094 28962 45543 81799 63675 93139 30343 29764 229409 27943 50970 60079 
h
1 8 109 443 918 5755 16380 66930 98094 28962 45543 81799 63675 93139 30343 29764 29409 27943 50970 60079 
o
1 8 109 443 918 6673 16380 66930 98094 28962 74505 81799 63675 156814 30343 29764 29409 27943 50970 60079 
p
1 8 109 443 918 6673 16380 66930 98094 28962 74505 81799 63675 56814 30343 29764 29409 27943 50970 60079 
e
1 8 117 443 918 6673 16380 83310 98094 28962 74505 81799 63675 56814 30343 60107 29409 27943 50970 60079 
 
1 8 117 443 918 6673 16380 83310 181404 28962 74505 156304 63675 56814 30343 60107 89516 27943 50970 60079 
t
1 8 117 443 918 6673 16380 83310 81404 210366 74505 56304 63675 56814 30343 60107 89516 27943 50970 60079 
h
1 8 117 443 918 6673 16380 83310 81404 10366 74505 56304 63675 56814 30343 60107 89516 27943 50970 60079 
a
1 8 117 443 918 6673 16380 83310 81404 10366 74505 56304 63675 56814 30343 60107 89516 27943 78913 60079 
t
1 8 117 443 918 6673 16380 83310 81404 91770 74505 56304 63675 56814 30343 60107 89516 27943 78913 60079 
 
1 8 117 443 918 6673 16380 83310 164714 91770 74505 130809 63675 56814 30343 60107 149623 27943 78913 60079 
y
1 8 117 443 918 6673 16380 83310 64714 91770 74505 30809 63675 56814 30343 60107 49623 27943 78913 60079 
o
1 8 117 443 918 7591 16380 83310 64714 91770 166275 30809 63675 120489 30343 60107 49623 27943 78913 60079 
u
1 8 117 443 918 7591 16380 83310 64714 91770 66275 30809 63675 20489 30343 60107 49623 27943 78913 60079 
'
1 8 117 443 918 7591 16380 83310 64714 91770 66275 30809 63675 20489 30343 60107 49623 27943 78913 60079 
l
1 8 117 560 918 7591 16380 83310 64714 91770 66275 30809 63675 20489 30343 60107 49623 27943 78913 60079 
l
1 8 117 677 918 7591 16380 83310 64714 91770 66275 30809 63675 20489 30343 60107 49623 27943 78913 60079 
 
1 8 117 677 918 7591 16380 83310 148024 91770 66275 97084 63675 20489 30343 60107 109730 27943 78913 60079 
f
1 8 117 677 918 7591 16380 83310 48024 91770 66275 97084 63675 20489 30343 60107 9730 27943 78913 60079 
e
1 8 125 677 918 7591 16380 99690 48024 91770 66275 97084 63675 20489 30343 90450 9730 27943 78913 60079 
e
1 8 133 677 918 7591 16380 116070 48024 91770 66275 97084 63675 20489 30343 120793 9730 27943 78913 60079 
l
1 8 133 810 918 7591 16380 16070 48024 91770 66275 97084 63675 20489 30343 20793 9730 27943 78913 60079 
 
1 8 133 810 918 7591 16380 16070 64094 91770 66275 163359 63675 20489 30343 20793 30523 27943 78913 60079 
v
1 8 133 810 918 7591 16380 16070 64094 91770 66275 63359 63675 20489 30343 20793 30523 27943 78913 60079 
e
1 8 141 810 918 7591 16380 32450 64094 91770 66275 63359 63675 20489 30343 51136 30523 27943 78913 60079 
r
1 8 141 810 918 7591 16380 32450 64094 91770 66275 63359 63675 20489 30343 51136 30523 27943 78913 60079 
y
1 8 141 810 918 7591 16380 32450 64094 91770 66275 63359 63675 20489 30343 51136 30523 27943 78913 60079 
 
1 8 141 810 918 7591 16380 32450 96544 91770 66275 129634 63675 20489 30343 51136 81659 27943 78913 60079 
w
1 9 141 810 918 7591 16380 32450 96544 91770 66275 29634 63675 20489 30343 51136 81659 27943 78913 60079 
e
1 9 150 810 918 7591 16380 48830 96544 91770 66275 29634 63675 20489 30343 81479 81659 27943 78913 60079 
l
1 9 150 960 918 7591 16380 48830 96544 91770 66275 29634 63675 20489 30343 81479 81659 27943 78913 60079 
c
1 9 150 960 1878 7591 16380 48830 96544 91770 66275 29634 93309 20489 30343 81479 81659 27943 78913 60079 
o
1 9 150 960 1878 9469 16380 48830 96544 91770 158045 29634 93309 113798 30343 81479 81659 27943 78913 60079 
m
1 9 150 960 1878 9469 25849 48830 96544 91770 58045 29634 93309 13798 30343 81479 81659 27943 78913 138992 
e
1 9 159 960 1878 9469 25849 74679 96544 91770 58045 29634 93309 13798 30343 111822 81659 27943 78913 38992 
.
1 9 159 960 1878 9469 25849 74679 96544 91770 58045 29634 93309 13798 30343 11822 81659 27943 78913 38992 
 
1 9 159 960 1878 9469 25849 74679 171223 91770 58045 87679 93309 13798 30343 11822 93481 27943 78913 38992 
v
1 9 159 960 1878 9469 25849 74679 71223 91770 58045 87679 93309 13798 30343 11822 93481 27943 78913 38992 
e
1 9 168 960 1878 9469 25849 100528 71223 91770 58045 87679 93309 13798 30343 42165 93481 27943 78913 38992 
r
1 9 168 960 1878 9469 25849 528 71223 91770 58045 87679 93309 13798 30343 42165 93481 27943 78913 38992 
y
1 9 168 960 1878 9469 25849 528 71223 91770 58045 87679 93309 13798 30343 42165 93481 27943 78913 38992 
 
1 9 168 960 1878 9469 25849 528 71751 91770 58045 145724 93309 13798 30343 42165 135646 27943 78913 38992 
w
1 10 168 960 1878 9469 25849 528 71751 91770 58045 45724 93309 13798 30343 42165 35646 27943 78913 38992 
e
1 10 178 960 1878 9469 25849 26377 71751 91770 58045 45724 93309 13798 30343 72508 35646 27943 78913 38992 
l
1 10 178 1138 1878 9469 25849 26377 71751 91770 58045 45724 93309 13798 30343 72508 35646 27943 78913 38992 
c
1 10 178 1138 3016 9469 25849 26377 71751 91770 58045 45724 139033 13798 30343 72508 35646 27943 78913 38992 
o
1 10 178 1138 3016 12485 25849 26377 71751 91770 149815 45724 39033 152831 30343 72508 35646 27943 78913 38992 
m
1 10 178 1138 3016 12485 38334 26377 71751 91770 49815 45724 39033 52831 30343 72508 35646 27943 78913 117905 
e
1 10 188 1138 3016 12485 38334 64711 71751 91770 49815 45724 39033 52831 30343 102851 35646 27943 78913 17905 
,
1 10 188 1138 3016 12485 38334 64711 71751 91770 49815 45724 39033 52831 30343 2851 35646 27943 78913 17905 
 
1 10 188 1138 3016 12485 38334 64711 136462 91770 49815 95539 39033 52831 30343 2851 38497 27943 78913 17905 
t
1 10 188 1138 3016 12485 38334 64711 36462 228232 49815 95539 39033 52831 30343 2851 38497 27943 78913 17905 
h
1 10 188 1138 3016 12485 38334 64711 36462 28232 49815 95539 39033 52831 30343 2851 38497 27943 78913 17905 
a
1 10 188 1138 3016 12485 38334 64711 36462 28232 49815 95539 39033 52831 30343 2851 38497 27943 106856 17905 
t
1 10 188 1138 3016 12485 38334 64711 36462 64694 49815 95539 39033 52831 30343 2851 38497 27943 6856 17905 
 
1 10 188 1138 3016 12485 38334 64711 101173 64694 49815 145354 39033 52831 30343 2851 41348 27943 6856 17905 
i
1 10 188 1138 3016 12485 38334 64711 1173 64694 49815 45354 39033 52831 30343 2851 41348 27943 6856 17905 
s
1 10 188 1138 3016 12485 38334 64711 1173 64694 49815 45354 39033 52831 30343 2851 41348 27943 6856 17905 
,
1 10 188 1138 3016 12485 38334 64711 1173 64694 49815 45354 39033 52831 30343 2851 41348 27943 6856 17905 
 
1 10 188 1138 3016 12485 38334 64711 65884 64694 49815 95169 39033 52831 30343 2851 44199 27943 6856 17905 
t
1 10 188 1138 3016 12485 38334 64711 65884 130578 49815 95169 39033 52831 30343 2851 44199 27943 6856 17905 
o
1 10 188 1138 3016 15501 38334 64711 65884 30578 180393 95169 39033 91864 30343 2851 44199 27943 6856 17905 
 
1 10 188 1138 3016 15501 38334 64711 130595 30578 80393 275562 39033 91864 30343 2851 47050 27943 6856 17905 
c
1 10 188 1138 4154 15501 38334 64711 30595 30578 80393 75562 314595 91864 30343 2851 47050 27943 6856 17905 
o
1 10 188 1138 4154 19655 38334 64711 30595 30578 110971 75562 14595 406459 30343 2851 47050 27943 6856 17905 
d
1 10 188 1138 4154 19655 38334 64711 30595 30578 10971 75562 14595 6459 436802 2851 47050 27943 6856 17905 
e
1 10 198 1138 4154 19655 38334 103045 30595 30578 10971 75562 14595 6459 36802 439653 47050 27943 6856 17905 
 
1 10 198 1138 4154 19655 38334 3045 133640 30578 10971 86533 14595 6459 36802 39653 486703 27943 6856 17905 
j
1 10 198 1138 4154 19655 38334 3045 33640 30578 10971 86533 14595 6459 36802 39653 86703 514646 6856 17905 
a
1 10 198 1138 4154 19655 38334 3045 33640 30578 10971 86533 14595 6459 36802 39653 86703 14646 521502 17905 
m
1 10 198 1138 4154 19655 57989 3045 33640 30578 10971 86533 14595 6459 36802 39653 86703 14646 21502 539407 
.
Case #1: 9407
