Buildfile: build.xml

clean:
   [delete] Deleting directory /cise/homes/njindal/cop5618/HW1/anshu.ranjan/HW1Solution/bin

build-subprojects:

init:
    [mkdir] Created dir: /cise/homes/njindal/cop5618/HW1/anshu.ranjan/HW1Solution/bin
     [copy] Copying 1 file to /cise/homes/njindal/cop5618/HW1/anshu.ranjan/HW1Solution/bin

build-project:
     [echo] HW1: /cise/homes/njindal/cop5618/HW1/anshu.ranjan/HW1Solution/build.xml
    [javac] Compiling 9 source files to /cise/homes/njindal/cop5618/HW1/anshu.ranjan/HW1Solution/bin
    [javac] /cise/homes/njindal/cop5618/HW1/anshu.ranjan/HW1Solution/test/edu/ufl/cise/cop5618fa12/hw1/TestPetersonLocks.java:60: cannot find symbol
    [javac] symbol  : class PetersonArray
    [javac] location: class edu.ufl.cise.cop5618fa12.hw1.TestPetersonLocks
    [javac] 		HW1Lock paLock = new PetersonArray();
    [javac] 		                     ^
    [javac] /cise/homes/njindal/cop5618/HW1/anshu.ranjan/HW1Solution/test/edu/ufl/cise/cop5618fa12/hw1/TestPetersonLocks.java:77: cannot find symbol
    [javac] symbol  : class PetersonTwoVar
    [javac] location: class edu.ufl.cise.cop5618fa12.hw1.TestPetersonLocks
    [javac] 		HW1Lock paLock = new PetersonTwoVar();
    [javac] 		                     ^
    [javac] /cise/homes/njindal/cop5618/HW1/anshu.ranjan/HW1Solution/test/edu/ufl/cise/cop5618fa12/hw1/TestPetersonLocks.java:97: cannot find symbol
    [javac] symbol  : class PetersonArray
    [javac] location: class edu.ufl.cise.cop5618fa12.hw1.TestPetersonLocks
    [javac] 		HW1Lock paLock = new PetersonArray();
    [javac] 		                     ^
    [javac] /cise/homes/njindal/cop5618/HW1/anshu.ranjan/HW1Solution/test/edu/ufl/cise/cop5618fa12/hw1/TestPetersonLocks.java:114: cannot find symbol
    [javac] symbol  : class PetersonTwoVar
    [javac] location: class edu.ufl.cise.cop5618fa12.hw1.TestPetersonLocks
    [javac] 		HW1Lock paLock = new PetersonTwoVar();
    [javac] 		                     ^
    [javac] /cise/homes/njindal/cop5618/HW1/anshu.ranjan/HW1Solution/test/edu/ufl/cise/cop5618fa12/hw1/TestPetersonLocks.java:134: cannot find symbol
    [javac] symbol  : class PetersonArray
    [javac] location: class edu.ufl.cise.cop5618fa12.hw1.TestPetersonLocks
    [javac] 		HW1Lock paLock = new PetersonArray();
    [javac] 		                     ^
    [javac] /cise/homes/njindal/cop5618/HW1/anshu.ranjan/HW1Solution/test/edu/ufl/cise/cop5618fa12/hw1/TestPetersonLocks.java:151: cannot find symbol
    [javac] symbol  : class PetersonTwoVar
    [javac] location: class edu.ufl.cise.cop5618fa12.hw1.TestPetersonLocks
    [javac] 		HW1Lock paLock = new PetersonTwoVar();
    [javac] 		                     ^
    [javac] /cise/homes/njindal/cop5618/HW1/anshu.ranjan/HW1Solution/test/edu/ufl/cise/cop5618fa12/hw1/TestPetersonLocks.java:171: cannot find symbol
    [javac] symbol  : class PetersonArray
    [javac] location: class edu.ufl.cise.cop5618fa12.hw1.TestPetersonLocks
    [javac] 		HW1Lock lock2 = new PetersonArray();
    [javac] 		                    ^
    [javac] /cise/homes/njindal/cop5618/HW1/anshu.ranjan/HW1Solution/test/edu/ufl/cise/cop5618fa12/hw1/TestPetersonLocks.java:172: cannot find symbol
    [javac] symbol  : class PetersonTwoVar
    [javac] location: class edu.ufl.cise.cop5618fa12.hw1.TestPetersonLocks
    [javac] 		HW1Lock lock1 = new PetersonTwoVar();
    [javac] 		                    ^
    [javac] /cise/homes/njindal/cop5618/HW1/anshu.ranjan/HW1Solution/test/edu/ufl/cise/cop5618fa12/hw1/TestPetersonLocks.java:173: cannot find symbol
    [javac] symbol  : class PetersonTest
    [javac] location: class edu.ufl.cise.cop5618fa12.hw1.TestPetersonLocks
    [javac] 		HW1Test pt = new PetersonTest();
    [javac] 		                 ^
    [javac] /cise/homes/njindal/cop5618/HW1/anshu.ranjan/HW1Solution/test/edu/ufl/cise/cop5618fa12/hw1/TestPetersonLocks.java:183: cannot find symbol
    [javac] symbol  : class PetersonArray
    [javac] location: class edu.ufl.cise.cop5618fa12.hw1.TestPetersonLocks
    [javac] 		HW1Lock lock2 = new PetersonArray();
    [javac] 		                    ^
    [javac] /cise/homes/njindal/cop5618/HW1/anshu.ranjan/HW1Solution/test/edu/ufl/cise/cop5618fa12/hw1/TestPetersonLocks.java:184: cannot find symbol
    [javac] symbol  : class PetersonTwoVar
    [javac] location: class edu.ufl.cise.cop5618fa12.hw1.TestPetersonLocks
    [javac] 		HW1Lock lock1 = new PetersonTwoVar();
    [javac] 		                    ^
    [javac] /cise/homes/njindal/cop5618/HW1/anshu.ranjan/HW1Solution/test/edu/ufl/cise/cop5618fa12/hw1/TestPetersonLocks.java:185: cannot find symbol
    [javac] symbol  : class PetersonTest
    [javac] location: class edu.ufl.cise.cop5618fa12.hw1.TestPetersonLocks
    [javac] 		HW1Test pt = new PetersonTest();
    [javac] 		                 ^
    [javac] /cise/homes/njindal/cop5618/HW1/anshu.ranjan/HW1Solution/test/edu/ufl/cise/cop5618fa12/hw1/TestPetersonLocks.java:199: cannot find symbol
    [javac] symbol  : class PetersonArray
    [javac] location: class edu.ufl.cise.cop5618fa12.hw1.TestPetersonLocks
    [javac] 		final HW1Lock lock = new PetersonArray();
    [javac] 		                         ^
    [javac] /cise/homes/njindal/cop5618/HW1/anshu.ranjan/HW1Solution/test/edu/ufl/cise/cop5618fa12/hw1/TestPetersonLocks.java:229: cannot find symbol
    [javac] symbol  : class PetersonTwoVar
    [javac] location: class edu.ufl.cise.cop5618fa12.hw1.TestPetersonLocks
    [javac] 		final HW1Lock lock = new PetersonTwoVar();
    [javac] 		                         ^
    [javac] /cise/homes/njindal/cop5618/HW1/anshu.ranjan/HW1Solution/test/edu/ufl/cise/cop5618fa12/hw1/TestPetersonLocks.java:259: cannot find symbol
    [javac] symbol  : class PetersonArray
    [javac] location: class edu.ufl.cise.cop5618fa12.hw1.TestPetersonLocks
    [javac] 		final HW1Lock lock = new PetersonArray();
    [javac] 		                         ^
    [javac] /cise/homes/njindal/cop5618/HW1/anshu.ranjan/HW1Solution/test/edu/ufl/cise/cop5618fa12/hw1/TestPetersonLocks.java:294: cannot find symbol
    [javac] symbol  : class PetersonTwoVar
    [javac] location: class edu.ufl.cise.cop5618fa12.hw1.TestPetersonLocks
    [javac] 		final HW1Lock lock = new PetersonTwoVar();
    [javac] 		                         ^
    [javac] /cise/homes/njindal/cop5618/HW1/anshu.ranjan/HW1Solution/test/edu/ufl/cise/cop5618fa12/hw1/TestPetersonTest.java:58: cannot find symbol
    [javac] symbol  : class PetersonTest
    [javac] location: class edu.ufl.cise.cop5618fa12.hw1.TestPetersonTest
    [javac] 		HW1Test pt = new PetersonTest();
    [javac] 		                 ^
    [javac] /cise/homes/njindal/cop5618/HW1/anshu.ranjan/HW1Solution/test/edu/ufl/cise/cop5618fa12/hw1/TestPetersonTest.java:59: cannot find symbol
    [javac] symbol  : class PetersonArray
    [javac] location: class edu.ufl.cise.cop5618fa12.hw1.TestPetersonTest
    [javac] 		HW1Lock paLock = new PetersonArray();
    [javac] 		                     ^
    [javac] /cise/homes/njindal/cop5618/HW1/anshu.ranjan/HW1Solution/test/edu/ufl/cise/cop5618fa12/hw1/TestPetersonTest.java:75: cannot find symbol
    [javac] symbol  : class PetersonTest
    [javac] location: class edu.ufl.cise.cop5618fa12.hw1.TestPetersonTest
    [javac] 		HW1Test pt = new PetersonTest();
    [javac] 		                 ^
    [javac] /cise/homes/njindal/cop5618/HW1/anshu.ranjan/HW1Solution/test/edu/ufl/cise/cop5618fa12/hw1/TestPetersonTest.java:76: cannot find symbol
    [javac] symbol  : class PetersonTwoVar
    [javac] location: class edu.ufl.cise.cop5618fa12.hw1.TestPetersonTest
    [javac] 		HW1Lock paLock = new PetersonTwoVar();
    [javac] 		                     ^
    [javac] /cise/homes/njindal/cop5618/HW1/anshu.ranjan/HW1Solution/test/edu/ufl/cise/cop5618fa12/hw1/TestPetersonTest.java:95: cannot find symbol
    [javac] symbol  : class PetersonTest
    [javac] location: class edu.ufl.cise.cop5618fa12.hw1.TestPetersonTest
    [javac] 		HW1Test pt = new PetersonTest();
    [javac] 		                 ^
    [javac] /cise/homes/njindal/cop5618/HW1/anshu.ranjan/HW1Solution/test/edu/ufl/cise/cop5618fa12/hw1/TestPetersonTest.java:96: cannot find symbol
    [javac] symbol  : class PetersonArray
    [javac] location: class edu.ufl.cise.cop5618fa12.hw1.TestPetersonTest
    [javac] 		HW1Lock paLock = new PetersonArray();
    [javac] 		                     ^
    [javac] /cise/homes/njindal/cop5618/HW1/anshu.ranjan/HW1Solution/test/edu/ufl/cise/cop5618fa12/hw1/TestPetersonTest.java:112: cannot find symbol
    [javac] symbol  : class PetersonTest
    [javac] location: class edu.ufl.cise.cop5618fa12.hw1.TestPetersonTest
    [javac] 		HW1Test pt = new PetersonTest();
    [javac] 		                 ^
    [javac] /cise/homes/njindal/cop5618/HW1/anshu.ranjan/HW1Solution/test/edu/ufl/cise/cop5618fa12/hw1/TestPetersonTest.java:113: cannot find symbol
    [javac] symbol  : class PetersonTwoVar
    [javac] location: class edu.ufl.cise.cop5618fa12.hw1.TestPetersonTest
    [javac] 		HW1Lock paLock = new PetersonTwoVar();
    [javac] 		                     ^
    [javac] /cise/homes/njindal/cop5618/HW1/anshu.ranjan/HW1Solution/test/edu/ufl/cise/cop5618fa12/hw1/TestPetersonTest.java:132: cannot find symbol
    [javac] symbol  : class PetersonTest
    [javac] location: class edu.ufl.cise.cop5618fa12.hw1.TestPetersonTest
    [javac] 		HW1Test pt = new PetersonTest();
    [javac] 		                 ^
    [javac] /cise/homes/njindal/cop5618/HW1/anshu.ranjan/HW1Solution/test/edu/ufl/cise/cop5618fa12/hw1/TestPetersonTest.java:133: cannot find symbol
    [javac] symbol  : class PetersonArray
    [javac] location: class edu.ufl.cise.cop5618fa12.hw1.TestPetersonTest
    [javac] 		HW1Lock paLock = new PetersonArray();
    [javac] 		                     ^
    [javac] /cise/homes/njindal/cop5618/HW1/anshu.ranjan/HW1Solution/test/edu/ufl/cise/cop5618fa12/hw1/TestPetersonTest.java:149: cannot find symbol
    [javac] symbol  : class PetersonTest
    [javac] location: class edu.ufl.cise.cop5618fa12.hw1.TestPetersonTest
    [javac] 		HW1Test pt = new PetersonTest();
    [javac] 		                 ^
    [javac] /cise/homes/njindal/cop5618/HW1/anshu.ranjan/HW1Solution/test/edu/ufl/cise/cop5618fa12/hw1/TestPetersonTest.java:150: cannot find symbol
    [javac] symbol  : class PetersonTwoVar
    [javac] location: class edu.ufl.cise.cop5618fa12.hw1.TestPetersonTest
    [javac] 		HW1Lock paLock = new PetersonTwoVar();
    [javac] 		                     ^
    [javac] /cise/homes/njindal/cop5618/HW1/anshu.ranjan/HW1Solution/test/edu/ufl/cise/cop5618fa12/hw1/TestPetersonTest.java:171: cannot find symbol
    [javac] symbol  : class PetersonTest
    [javac] location: class edu.ufl.cise.cop5618fa12.hw1.TestPetersonTest
    [javac] 		HW1Test pt = new PetersonTest();
    [javac] 		                 ^
    [javac] /cise/homes/njindal/cop5618/HW1/anshu.ranjan/HW1Solution/test/edu/ufl/cise/cop5618fa12/hw1/TestPetersonTest.java:188: cannot find symbol
    [javac] symbol  : class PetersonTest
    [javac] location: class edu.ufl.cise.cop5618fa12.hw1.TestPetersonTest
    [javac] 		HW1Test pt = new PetersonTest();
    [javac] 		                 ^
    [javac] /cise/homes/njindal/cop5618/HW1/anshu.ranjan/HW1Solution/test/edu/ufl/cise/cop5618fa12/hw1/TestPetersonTest.java:208: cannot find symbol
    [javac] symbol  : class PetersonTest
    [javac] location: class edu.ufl.cise.cop5618fa12.hw1.TestPetersonTest
    [javac] 		HW1Test pt = new PetersonTest();
    [javac] 		                 ^
    [javac] /cise/homes/njindal/cop5618/HW1/anshu.ranjan/HW1Solution/test/edu/ufl/cise/cop5618fa12/hw1/TestPetersonTest.java:225: cannot find symbol
    [javac] symbol  : class PetersonTest
    [javac] location: class edu.ufl.cise.cop5618fa12.hw1.TestPetersonTest
    [javac] 		HW1Test pt = new PetersonTest();
    [javac] 		                 ^
    [javac] /cise/homes/njindal/cop5618/HW1/anshu.ranjan/HW1Solution/test/edu/ufl/cise/cop5618fa12/hw1/TestPetersonTest.java:245: cannot find symbol
    [javac] symbol  : class PetersonTest
    [javac] location: class edu.ufl.cise.cop5618fa12.hw1.TestPetersonTest
    [javac] 		HW1Test pt = new PetersonTest();
    [javac] 		                 ^
    [javac] /cise/homes/njindal/cop5618/HW1/anshu.ranjan/HW1Solution/test/edu/ufl/cise/cop5618fa12/hw1/TestPetersonTest.java:262: cannot find symbol
    [javac] symbol  : class PetersonTest
    [javac] location: class edu.ufl.cise.cop5618fa12.hw1.TestPetersonTest
    [javac] 		HW1Test pt = new PetersonTest();
    [javac] 		                 ^
    [javac] /cise/homes/njindal/cop5618/HW1/anshu.ranjan/HW1Solution/test/edu/ufl/cise/cop5618fa12/hw1/TestPetersonTest.java:287: cannot find symbol
    [javac] symbol  : class PetersonTest
    [javac] location: class edu.ufl.cise.cop5618fa12.hw1.TestPetersonTest
    [javac] 		HW1Test pt = new PetersonTest();
    [javac] 		                 ^
    [javac] /cise/homes/njindal/cop5618/HW1/anshu.ranjan/HW1Solution/test/edu/ufl/cise/cop5618fa12/hw1/TestPetersonTest.java:308: cannot find symbol
    [javac] symbol  : class PetersonTest
    [javac] location: class edu.ufl.cise.cop5618fa12.hw1.TestPetersonTest
    [javac] 		HW1Test pt = new PetersonTest();
    [javac] 		                 ^
    [javac] /cise/homes/njindal/cop5618/HW1/anshu.ranjan/HW1Solution/test/edu/ufl/cise/cop5618fa12/hw1/TestPetersonTest.java:328: cannot find symbol
    [javac] symbol  : class PetersonTest
    [javac] location: class edu.ufl.cise.cop5618fa12.hw1.TestPetersonTest
    [javac] 		HW1Test pt = new PetersonTest();
    [javac] 		                 ^
    [javac] Note: /cise/homes/njindal/cop5618/HW1/anshu.ranjan/HW1Solution/test/edu/ufl/cise/cop5618fa12/hw1/TestPetersonLocks.java uses or overrides a deprecated API.
    [javac] Note: Recompile with -Xlint:deprecation for details.
    [javac] 37 errors

BUILD FAILED
/cise/homes/njindal/cop5618/HW1/anshu.ranjan/HW1Solution/build.xml:39: Compile failed; see the compiler error output for details.

Total time: 3 seconds
