Buildfile: build.xml

clean:
   [delete] Deleting directory /cise/homes/njindal/cop5618/HW1/anshu.ranjan/HW1Solution/bin

build-subprojects:

init:
    [mkdir] Created dir: /cise/homes/njindal/cop5618/HW1/anshu.ranjan/HW1Solution/bin
     [copy] Copying 1 file to /cise/homes/njindal/cop5618/HW1/anshu.ranjan/HW1Solution/bin

build-project:
     [echo] HW1: /cise/homes/njindal/cop5618/HW1/anshu.ranjan/HW1Solution/build.xml
    [javac] Compiling 7 source files to /cise/homes/njindal/cop5618/HW1/anshu.ranjan/HW1Solution/bin
    [javac] /cise/homes/njindal/cop5618/HW1/anshu.ranjan/HW1Solution/test/edu/ufl/cise/cop5618fa12/hw1/ReferenceNoOpIncorrectLock.java:3: cannot find symbol
    [javac] symbol: class HW1Lock
    [javac] public class ReferenceNoOpIncorrectLock implements HW1Lock {
    [javac]                                                    ^
    [javac] /cise/homes/njindal/cop5618/HW1/anshu.ranjan/HW1Solution/test/edu/ufl/cise/cop5618fa12/hw1/ReferencePetersonArray.java:7: cannot find symbol
    [javac] symbol: class HW1Lock
    [javac] public class ReferencePetersonArray implements HW1Lock {
    [javac]                                                ^
    [javac] /cise/homes/njindal/cop5618/HW1/anshu.ranjan/HW1Solution/test/edu/ufl/cise/cop5618fa12/hw1/ReferencePetersonTest.java:5: cannot find symbol
    [javac] symbol: class HW1Test
    [javac] public class ReferencePetersonTest implements HW1Test {
    [javac]                                               ^
    [javac] /cise/homes/njindal/cop5618/HW1/anshu.ranjan/HW1Solution/test/edu/ufl/cise/cop5618fa12/hw1/ReferencePetersonTest.java:17: cannot find symbol
    [javac] symbol  : class HW1Lock
    [javac] location: class edu.ufl.cise.cop5618fa12.hw1.ReferencePetersonTest
    [javac] 	public boolean testLock(final HW1Lock lock, final int N0, final int N1)
    [javac] 	                              ^
    [javac] /cise/homes/njindal/cop5618/HW1/anshu.ranjan/HW1Solution/test/edu/ufl/cise/cop5618fa12/hw1/ReferencePetersonTest.java:76: cannot find symbol
    [javac] symbol  : class HW1Lock
    [javac] location: class edu.ufl.cise.cop5618fa12.hw1.ReferencePetersonTest
    [javac] 	public boolean testTrylock(final HW1Lock lock, final int N0, final int N1)
    [javac] 	                                 ^
    [javac] /cise/homes/njindal/cop5618/HW1/anshu.ranjan/HW1Solution/test/edu/ufl/cise/cop5618fa12/hw1/ReferencePetersonTest.java:135: cannot find symbol
    [javac] symbol  : class HW1Lock
    [javac] location: class edu.ufl.cise.cop5618fa12.hw1.ReferencePetersonTest
    [javac] 	public boolean testLockInterruptibly(final HW1Lock lock, final int N0,
    [javac] 	                                           ^
    [javac] /cise/homes/njindal/cop5618/HW1/anshu.ranjan/HW1Solution/test/edu/ufl/cise/cop5618fa12/hw1/ReferencePetersonTest.java:209: cannot find symbol
    [javac] symbol  : class HW1Lock
    [javac] location: class edu.ufl.cise.cop5618fa12.hw1.ReferencePetersonTest
    [javac] 	public long comparePerformanceSingleThread(HW1Lock lock1, HW1Lock lock2,
    [javac] 	                                           ^
    [javac] /cise/homes/njindal/cop5618/HW1/anshu.ranjan/HW1Solution/test/edu/ufl/cise/cop5618fa12/hw1/ReferencePetersonTest.java:209: cannot find symbol
    [javac] symbol  : class HW1Lock
    [javac] location: class edu.ufl.cise.cop5618fa12.hw1.ReferencePetersonTest
    [javac] 	public long comparePerformanceSingleThread(HW1Lock lock1, HW1Lock lock2,
    [javac] 	                                                          ^
    [javac] /cise/homes/njindal/cop5618/HW1/anshu.ranjan/HW1Solution/test/edu/ufl/cise/cop5618fa12/hw1/ReferencePetersonTest.java:239: cannot find symbol
    [javac] symbol  : class HW1Lock
    [javac] location: class edu.ufl.cise.cop5618fa12.hw1.ReferencePetersonTest
    [javac] 	public long comparePerformanceTwoThread(final HW1Lock lock0,
    [javac] 	                                              ^
    [javac] /cise/homes/njindal/cop5618/HW1/anshu.ranjan/HW1Solution/test/edu/ufl/cise/cop5618fa12/hw1/ReferencePetersonTest.java:240: cannot find symbol
    [javac] symbol  : class HW1Lock
    [javac] location: class edu.ufl.cise.cop5618fa12.hw1.ReferencePetersonTest
    [javac] 			final HW1Lock lock1, final int N0, final int N1)
    [javac] 			      ^
    [javac] /cise/homes/njindal/cop5618/HW1/anshu.ranjan/HW1Solution/test/edu/ufl/cise/cop5618fa12/hw1/ReferencePetersonTwoVar.java:5: cannot find symbol
    [javac] symbol: class HW1Lock
    [javac] public class ReferencePetersonTwoVar implements HW1Lock {
    [javac]                                                 ^
    [javac] /cise/homes/njindal/cop5618/HW1/anshu.ranjan/HW1Solution/test/edu/ufl/cise/cop5618fa12/hw1/ReferenceUnsynchronizedIncorrectLock.java:4: cannot find symbol
    [javac] symbol: class HW1Lock
    [javac] public class ReferenceUnsynchronizedIncorrectLock implements HW1Lock {
    [javac]                                                              ^
    [javac] /cise/homes/njindal/cop5618/HW1/anshu.ranjan/HW1Solution/test/edu/ufl/cise/cop5618fa12/hw1/ReferenceNoOpIncorrectLock.java:11: method does not override or implement a method from a supertype
    [javac] 	@Override
    [javac] 	^
    [javac] /cise/homes/njindal/cop5618/HW1/anshu.ranjan/HW1Solution/test/edu/ufl/cise/cop5618fa12/hw1/ReferenceNoOpIncorrectLock.java:19: method does not override or implement a method from a supertype
    [javac] 	@Override
    [javac] 	^
    [javac] /cise/homes/njindal/cop5618/HW1/anshu.ranjan/HW1Solution/test/edu/ufl/cise/cop5618fa12/hw1/ReferenceNoOpIncorrectLock.java:27: method does not override or implement a method from a supertype
    [javac] 	@Override
    [javac] 	^
    [javac] /cise/homes/njindal/cop5618/HW1/anshu.ranjan/HW1Solution/test/edu/ufl/cise/cop5618fa12/hw1/ReferenceNoOpIncorrectLock.java:35: method does not override or implement a method from a supertype
    [javac] 	@Override
    [javac] 	^
    [javac] /cise/homes/njindal/cop5618/HW1/anshu.ranjan/HW1Solution/test/edu/ufl/cise/cop5618fa12/hw1/ReferencePetersonArray.java:15: method does not override or implement a method from a supertype
    [javac] 	@Override
    [javac] 	^
    [javac] /cise/homes/njindal/cop5618/HW1/anshu.ranjan/HW1Solution/test/edu/ufl/cise/cop5618fa12/hw1/ReferencePetersonArray.java:27: method does not override or implement a method from a supertype
    [javac] 	@Override
    [javac] 	^
    [javac] /cise/homes/njindal/cop5618/HW1/anshu.ranjan/HW1Solution/test/edu/ufl/cise/cop5618fa12/hw1/ReferencePetersonArray.java:41: method does not override or implement a method from a supertype
    [javac] 	@Override
    [javac] 	^
    [javac] /cise/homes/njindal/cop5618/HW1/anshu.ranjan/HW1Solution/test/edu/ufl/cise/cop5618fa12/hw1/ReferencePetersonArray.java:53: method does not override or implement a method from a supertype
    [javac] 	@Override
    [javac] 	^
    [javac] /cise/homes/njindal/cop5618/HW1/anshu.ranjan/HW1Solution/test/edu/ufl/cise/cop5618fa12/hw1/ReferencePetersonTest.java:16: method does not override or implement a method from a supertype
    [javac] 	@Override
    [javac] 	^
    [javac] /cise/homes/njindal/cop5618/HW1/anshu.ranjan/HW1Solution/test/edu/ufl/cise/cop5618fa12/hw1/ReferencePetersonTest.java:75: method does not override or implement a method from a supertype
    [javac] 	@Override
    [javac] 	^
    [javac] /cise/homes/njindal/cop5618/HW1/anshu.ranjan/HW1Solution/test/edu/ufl/cise/cop5618fa12/hw1/ReferencePetersonTest.java:134: method does not override or implement a method from a supertype
    [javac] 	@Override
    [javac] 	^
    [javac] /cise/homes/njindal/cop5618/HW1/anshu.ranjan/HW1Solution/test/edu/ufl/cise/cop5618fa12/hw1/ReferencePetersonTest.java:208: method does not override or implement a method from a supertype
    [javac] 	@Override
    [javac] 	^
    [javac] /cise/homes/njindal/cop5618/HW1/anshu.ranjan/HW1Solution/test/edu/ufl/cise/cop5618fa12/hw1/ReferencePetersonTest.java:238: method does not override or implement a method from a supertype
    [javac] 	@Override
    [javac] 	^
    [javac] /cise/homes/njindal/cop5618/HW1/anshu.ranjan/HW1Solution/test/edu/ufl/cise/cop5618fa12/hw1/ReferencePetersonTwoVar.java:12: method does not override or implement a method from a supertype
    [javac] 	@Override
    [javac] 	^
    [javac] /cise/homes/njindal/cop5618/HW1/anshu.ranjan/HW1Solution/test/edu/ufl/cise/cop5618fa12/hw1/ReferencePetersonTwoVar.java:25: method does not override or implement a method from a supertype
    [javac] 	@Override
    [javac] 	^
    [javac] /cise/homes/njindal/cop5618/HW1/anshu.ranjan/HW1Solution/test/edu/ufl/cise/cop5618fa12/hw1/ReferencePetersonTwoVar.java:36: method does not override or implement a method from a supertype
    [javac] 	@Override
    [javac] 	^
    [javac] /cise/homes/njindal/cop5618/HW1/anshu.ranjan/HW1Solution/test/edu/ufl/cise/cop5618fa12/hw1/ReferenceUnsynchronizedIncorrectLock.java:17: method does not override or implement a method from a supertype
    [javac] 	@Override
    [javac] 	^
    [javac] /cise/homes/njindal/cop5618/HW1/anshu.ranjan/HW1Solution/test/edu/ufl/cise/cop5618fa12/hw1/ReferenceUnsynchronizedIncorrectLock.java:29: method does not override or implement a method from a supertype
    [javac] 	@Override
    [javac] 	^
    [javac] /cise/homes/njindal/cop5618/HW1/anshu.ranjan/HW1Solution/test/edu/ufl/cise/cop5618fa12/hw1/ReferenceUnsynchronizedIncorrectLock.java:43: method does not override or implement a method from a supertype
    [javac] 	@Override
    [javac] 	^
    [javac] /cise/homes/njindal/cop5618/HW1/anshu.ranjan/HW1Solution/test/edu/ufl/cise/cop5618fa12/hw1/ReferenceUnsynchronizedIncorrectLock.java:55: method does not override or implement a method from a supertype
    [javac] 	@Override
    [javac] 	^
    [javac] /cise/homes/njindal/cop5618/HW1/anshu.ranjan/HW1Solution/test/edu/ufl/cise/cop5618fa12/hw1/TestPetersonLocks.java:59: cannot find symbol
    [javac] symbol  : class HW1Test
    [javac] location: class edu.ufl.cise.cop5618fa12.hw1.TestPetersonLocks
    [javac] 		HW1Test pt = new ReferencePetersonTest();
    [javac] 		^
    [javac] /cise/homes/njindal/cop5618/HW1/anshu.ranjan/HW1Solution/test/edu/ufl/cise/cop5618fa12/hw1/TestPetersonLocks.java:60: cannot find symbol
    [javac] symbol  : class HW1Lock
    [javac] location: class edu.ufl.cise.cop5618fa12.hw1.TestPetersonLocks
    [javac] 		HW1Lock paLock = new PetersonArray();
    [javac] 		^
    [javac] /cise/homes/njindal/cop5618/HW1/anshu.ranjan/HW1Solution/test/edu/ufl/cise/cop5618fa12/hw1/TestPetersonLocks.java:60: cannot find symbol
    [javac] symbol  : class PetersonArray
    [javac] location: class edu.ufl.cise.cop5618fa12.hw1.TestPetersonLocks
    [javac] 		HW1Lock paLock = new PetersonArray();
    [javac] 		                     ^
    [javac] /cise/homes/njindal/cop5618/HW1/anshu.ranjan/HW1Solution/test/edu/ufl/cise/cop5618fa12/hw1/TestPetersonLocks.java:76: cannot find symbol
    [javac] symbol  : class HW1Test
    [javac] location: class edu.ufl.cise.cop5618fa12.hw1.TestPetersonLocks
    [javac] 		HW1Test pt = new ReferencePetersonTest();
    [javac] 		^
    [javac] /cise/homes/njindal/cop5618/HW1/anshu.ranjan/HW1Solution/test/edu/ufl/cise/cop5618fa12/hw1/TestPetersonLocks.java:77: cannot find symbol
    [javac] symbol  : class HW1Lock
    [javac] location: class edu.ufl.cise.cop5618fa12.hw1.TestPetersonLocks
    [javac] 		HW1Lock paLock = new PetersonTwoVar();
    [javac] 		^
    [javac] /cise/homes/njindal/cop5618/HW1/anshu.ranjan/HW1Solution/test/edu/ufl/cise/cop5618fa12/hw1/TestPetersonLocks.java:77: cannot find symbol
    [javac] symbol  : class PetersonTwoVar
    [javac] location: class edu.ufl.cise.cop5618fa12.hw1.TestPetersonLocks
    [javac] 		HW1Lock paLock = new PetersonTwoVar();
    [javac] 		                     ^
    [javac] /cise/homes/njindal/cop5618/HW1/anshu.ranjan/HW1Solution/test/edu/ufl/cise/cop5618fa12/hw1/TestPetersonLocks.java:96: cannot find symbol
    [javac] symbol  : class HW1Test
    [javac] location: class edu.ufl.cise.cop5618fa12.hw1.TestPetersonLocks
    [javac] 		HW1Test pt = new ReferencePetersonTest();
    [javac] 		^
    [javac] /cise/homes/njindal/cop5618/HW1/anshu.ranjan/HW1Solution/test/edu/ufl/cise/cop5618fa12/hw1/TestPetersonLocks.java:97: cannot find symbol
    [javac] symbol  : class HW1Lock
    [javac] location: class edu.ufl.cise.cop5618fa12.hw1.TestPetersonLocks
    [javac] 		HW1Lock paLock = new PetersonArray();
    [javac] 		^
    [javac] /cise/homes/njindal/cop5618/HW1/anshu.ranjan/HW1Solution/test/edu/ufl/cise/cop5618fa12/hw1/TestPetersonLocks.java:97: cannot find symbol
    [javac] symbol  : class PetersonArray
    [javac] location: class edu.ufl.cise.cop5618fa12.hw1.TestPetersonLocks
    [javac] 		HW1Lock paLock = new PetersonArray();
    [javac] 		                     ^
    [javac] /cise/homes/njindal/cop5618/HW1/anshu.ranjan/HW1Solution/test/edu/ufl/cise/cop5618fa12/hw1/TestPetersonLocks.java:113: cannot find symbol
    [javac] symbol  : class HW1Test
    [javac] location: class edu.ufl.cise.cop5618fa12.hw1.TestPetersonLocks
    [javac] 		HW1Test pt = new ReferencePetersonTest();
    [javac] 		^
    [javac] /cise/homes/njindal/cop5618/HW1/anshu.ranjan/HW1Solution/test/edu/ufl/cise/cop5618fa12/hw1/TestPetersonLocks.java:114: cannot find symbol
    [javac] symbol  : class HW1Lock
    [javac] location: class edu.ufl.cise.cop5618fa12.hw1.TestPetersonLocks
    [javac] 		HW1Lock paLock = new PetersonTwoVar();
    [javac] 		^
    [javac] /cise/homes/njindal/cop5618/HW1/anshu.ranjan/HW1Solution/test/edu/ufl/cise/cop5618fa12/hw1/TestPetersonLocks.java:114: cannot find symbol
    [javac] symbol  : class PetersonTwoVar
    [javac] location: class edu.ufl.cise.cop5618fa12.hw1.TestPetersonLocks
    [javac] 		HW1Lock paLock = new PetersonTwoVar();
    [javac] 		                     ^
    [javac] /cise/homes/njindal/cop5618/HW1/anshu.ranjan/HW1Solution/test/edu/ufl/cise/cop5618fa12/hw1/TestPetersonLocks.java:133: cannot find symbol
    [javac] symbol  : class HW1Test
    [javac] location: class edu.ufl.cise.cop5618fa12.hw1.TestPetersonLocks
    [javac] 		HW1Test pt = new ReferencePetersonTest();
    [javac] 		^
    [javac] /cise/homes/njindal/cop5618/HW1/anshu.ranjan/HW1Solution/test/edu/ufl/cise/cop5618fa12/hw1/TestPetersonLocks.java:134: cannot find symbol
    [javac] symbol  : class HW1Lock
    [javac] location: class edu.ufl.cise.cop5618fa12.hw1.TestPetersonLocks
    [javac] 		HW1Lock paLock = new PetersonArray();
    [javac] 		^
    [javac] /cise/homes/njindal/cop5618/HW1/anshu.ranjan/HW1Solution/test/edu/ufl/cise/cop5618fa12/hw1/TestPetersonLocks.java:134: cannot find symbol
    [javac] symbol  : class PetersonArray
    [javac] location: class edu.ufl.cise.cop5618fa12.hw1.TestPetersonLocks
    [javac] 		HW1Lock paLock = new PetersonArray();
    [javac] 		                     ^
    [javac] /cise/homes/njindal/cop5618/HW1/anshu.ranjan/HW1Solution/test/edu/ufl/cise/cop5618fa12/hw1/TestPetersonLocks.java:150: cannot find symbol
    [javac] symbol  : class HW1Test
    [javac] location: class edu.ufl.cise.cop5618fa12.hw1.TestPetersonLocks
    [javac] 		HW1Test pt = new ReferencePetersonTest();
    [javac] 		^
    [javac] /cise/homes/njindal/cop5618/HW1/anshu.ranjan/HW1Solution/test/edu/ufl/cise/cop5618fa12/hw1/TestPetersonLocks.java:151: cannot find symbol
    [javac] symbol  : class HW1Lock
    [javac] location: class edu.ufl.cise.cop5618fa12.hw1.TestPetersonLocks
    [javac] 		HW1Lock paLock = new PetersonTwoVar();
    [javac] 		^
    [javac] /cise/homes/njindal/cop5618/HW1/anshu.ranjan/HW1Solution/test/edu/ufl/cise/cop5618fa12/hw1/TestPetersonLocks.java:151: cannot find symbol
    [javac] symbol  : class PetersonTwoVar
    [javac] location: class edu.ufl.cise.cop5618fa12.hw1.TestPetersonLocks
    [javac] 		HW1Lock paLock = new PetersonTwoVar();
    [javac] 		                     ^
    [javac] /cise/homes/njindal/cop5618/HW1/anshu.ranjan/HW1Solution/test/edu/ufl/cise/cop5618fa12/hw1/TestPetersonLocks.java:171: cannot find symbol
    [javac] symbol  : class HW1Lock
    [javac] location: class edu.ufl.cise.cop5618fa12.hw1.TestPetersonLocks
    [javac] 		HW1Lock lock2 = new PetersonArray();
    [javac] 		^
    [javac] /cise/homes/njindal/cop5618/HW1/anshu.ranjan/HW1Solution/test/edu/ufl/cise/cop5618fa12/hw1/TestPetersonLocks.java:171: cannot find symbol
    [javac] symbol  : class PetersonArray
    [javac] location: class edu.ufl.cise.cop5618fa12.hw1.TestPetersonLocks
    [javac] 		HW1Lock lock2 = new PetersonArray();
    [javac] 		                    ^
    [javac] /cise/homes/njindal/cop5618/HW1/anshu.ranjan/HW1Solution/test/edu/ufl/cise/cop5618fa12/hw1/TestPetersonLocks.java:172: cannot find symbol
    [javac] symbol  : class HW1Lock
    [javac] location: class edu.ufl.cise.cop5618fa12.hw1.TestPetersonLocks
    [javac] 		HW1Lock lock1 = new PetersonTwoVar();
    [javac] 		^
    [javac] /cise/homes/njindal/cop5618/HW1/anshu.ranjan/HW1Solution/test/edu/ufl/cise/cop5618fa12/hw1/TestPetersonLocks.java:172: cannot find symbol
    [javac] symbol  : class PetersonTwoVar
    [javac] location: class edu.ufl.cise.cop5618fa12.hw1.TestPetersonLocks
    [javac] 		HW1Lock lock1 = new PetersonTwoVar();
    [javac] 		                    ^
    [javac] /cise/homes/njindal/cop5618/HW1/anshu.ranjan/HW1Solution/test/edu/ufl/cise/cop5618fa12/hw1/TestPetersonLocks.java:173: cannot find symbol
    [javac] symbol  : class HW1Test
    [javac] location: class edu.ufl.cise.cop5618fa12.hw1.TestPetersonLocks
    [javac] 		HW1Test pt = new PetersonTest();
    [javac] 		^
    [javac] /cise/homes/njindal/cop5618/HW1/anshu.ranjan/HW1Solution/test/edu/ufl/cise/cop5618fa12/hw1/TestPetersonLocks.java:173: cannot find symbol
    [javac] symbol  : class PetersonTest
    [javac] location: class edu.ufl.cise.cop5618fa12.hw1.TestPetersonLocks
    [javac] 		HW1Test pt = new PetersonTest();
    [javac] 		                 ^
    [javac] /cise/homes/njindal/cop5618/HW1/anshu.ranjan/HW1Solution/test/edu/ufl/cise/cop5618fa12/hw1/TestPetersonLocks.java:174: cannot find symbol
    [javac] symbol  : class HW1Test
    [javac] location: class edu.ufl.cise.cop5618fa12.hw1.TestPetersonLocks
    [javac] 		HW1Test ptRef = new ReferencePetersonTest();
    [javac] 		^
    [javac] /cise/homes/njindal/cop5618/HW1/anshu.ranjan/HW1Solution/test/edu/ufl/cise/cop5618fa12/hw1/TestPetersonLocks.java:183: cannot find symbol
    [javac] symbol  : class HW1Lock
    [javac] location: class edu.ufl.cise.cop5618fa12.hw1.TestPetersonLocks
    [javac] 		HW1Lock lock2 = new PetersonArray();
    [javac] 		^
    [javac] /cise/homes/njindal/cop5618/HW1/anshu.ranjan/HW1Solution/test/edu/ufl/cise/cop5618fa12/hw1/TestPetersonLocks.java:183: cannot find symbol
    [javac] symbol  : class PetersonArray
    [javac] location: class edu.ufl.cise.cop5618fa12.hw1.TestPetersonLocks
    [javac] 		HW1Lock lock2 = new PetersonArray();
    [javac] 		                    ^
    [javac] /cise/homes/njindal/cop5618/HW1/anshu.ranjan/HW1Solution/test/edu/ufl/cise/cop5618fa12/hw1/TestPetersonLocks.java:184: cannot find symbol
    [javac] symbol  : class HW1Lock
    [javac] location: class edu.ufl.cise.cop5618fa12.hw1.TestPetersonLocks
    [javac] 		HW1Lock lock1 = new PetersonTwoVar();
    [javac] 		^
    [javac] /cise/homes/njindal/cop5618/HW1/anshu.ranjan/HW1Solution/test/edu/ufl/cise/cop5618fa12/hw1/TestPetersonLocks.java:184: cannot find symbol
    [javac] symbol  : class PetersonTwoVar
    [javac] location: class edu.ufl.cise.cop5618fa12.hw1.TestPetersonLocks
    [javac] 		HW1Lock lock1 = new PetersonTwoVar();
    [javac] 		                    ^
    [javac] /cise/homes/njindal/cop5618/HW1/anshu.ranjan/HW1Solution/test/edu/ufl/cise/cop5618fa12/hw1/TestPetersonLocks.java:185: cannot find symbol
    [javac] symbol  : class HW1Test
    [javac] location: class edu.ufl.cise.cop5618fa12.hw1.TestPetersonLocks
    [javac] 		HW1Test pt = new PetersonTest();
    [javac] 		^
    [javac] /cise/homes/njindal/cop5618/HW1/anshu.ranjan/HW1Solution/test/edu/ufl/cise/cop5618fa12/hw1/TestPetersonLocks.java:185: cannot find symbol
    [javac] symbol  : class PetersonTest
    [javac] location: class edu.ufl.cise.cop5618fa12.hw1.TestPetersonLocks
    [javac] 		HW1Test pt = new PetersonTest();
    [javac] 		                 ^
    [javac] /cise/homes/njindal/cop5618/HW1/anshu.ranjan/HW1Solution/test/edu/ufl/cise/cop5618fa12/hw1/TestPetersonLocks.java:186: cannot find symbol
    [javac] symbol  : class HW1Test
    [javac] location: class edu.ufl.cise.cop5618fa12.hw1.TestPetersonLocks
    [javac] 		HW1Test ptRef = new ReferencePetersonTest();
    [javac] 		^
    [javac] /cise/homes/njindal/cop5618/HW1/anshu.ranjan/HW1Solution/test/edu/ufl/cise/cop5618fa12/hw1/TestPetersonLocks.java:199: cannot find symbol
    [javac] symbol  : class HW1Lock
    [javac] location: class edu.ufl.cise.cop5618fa12.hw1.TestPetersonLocks
    [javac] 		final HW1Lock lock = new PetersonArray();
    [javac] 		      ^
    [javac] /cise/homes/njindal/cop5618/HW1/anshu.ranjan/HW1Solution/test/edu/ufl/cise/cop5618fa12/hw1/TestPetersonLocks.java:199: cannot find symbol
    [javac] symbol  : class PetersonArray
    [javac] location: class edu.ufl.cise.cop5618fa12.hw1.TestPetersonLocks
    [javac] 		final HW1Lock lock = new PetersonArray();
    [javac] 		                         ^
    [javac] /cise/homes/njindal/cop5618/HW1/anshu.ranjan/HW1Solution/test/edu/ufl/cise/cop5618fa12/hw1/TestPetersonLocks.java:229: cannot find symbol
    [javac] symbol  : class HW1Lock
    [javac] location: class edu.ufl.cise.cop5618fa12.hw1.TestPetersonLocks
    [javac] 		final HW1Lock lock = new PetersonTwoVar();
    [javac] 		      ^
    [javac] /cise/homes/njindal/cop5618/HW1/anshu.ranjan/HW1Solution/test/edu/ufl/cise/cop5618fa12/hw1/TestPetersonLocks.java:229: cannot find symbol
    [javac] symbol  : class PetersonTwoVar
    [javac] location: class edu.ufl.cise.cop5618fa12.hw1.TestPetersonLocks
    [javac] 		final HW1Lock lock = new PetersonTwoVar();
    [javac] 		                         ^
    [javac] /cise/homes/njindal/cop5618/HW1/anshu.ranjan/HW1Solution/test/edu/ufl/cise/cop5618fa12/hw1/TestPetersonLocks.java:259: cannot find symbol
    [javac] symbol  : class HW1Lock
    [javac] location: class edu.ufl.cise.cop5618fa12.hw1.TestPetersonLocks
    [javac] 		final HW1Lock lock = new PetersonArray();
    [javac] 		      ^
    [javac] /cise/homes/njindal/cop5618/HW1/anshu.ranjan/HW1Solution/test/edu/ufl/cise/cop5618fa12/hw1/TestPetersonLocks.java:259: cannot find symbol
    [javac] symbol  : class PetersonArray
    [javac] location: class edu.ufl.cise.cop5618fa12.hw1.TestPetersonLocks
    [javac] 		final HW1Lock lock = new PetersonArray();
    [javac] 		                         ^
    [javac] /cise/homes/njindal/cop5618/HW1/anshu.ranjan/HW1Solution/test/edu/ufl/cise/cop5618fa12/hw1/TestPetersonLocks.java:294: cannot find symbol
    [javac] symbol  : class HW1Lock
    [javac] location: class edu.ufl.cise.cop5618fa12.hw1.TestPetersonLocks
    [javac] 		final HW1Lock lock = new PetersonTwoVar();
    [javac] 		      ^
    [javac] /cise/homes/njindal/cop5618/HW1/anshu.ranjan/HW1Solution/test/edu/ufl/cise/cop5618fa12/hw1/TestPetersonLocks.java:294: cannot find symbol
    [javac] symbol  : class PetersonTwoVar
    [javac] location: class edu.ufl.cise.cop5618fa12.hw1.TestPetersonLocks
    [javac] 		final HW1Lock lock = new PetersonTwoVar();
    [javac] 		                         ^
    [javac] /cise/homes/njindal/cop5618/HW1/anshu.ranjan/HW1Solution/test/edu/ufl/cise/cop5618fa12/hw1/TestPetersonTest.java:58: cannot find symbol
    [javac] symbol  : class HW1Test
    [javac] location: class edu.ufl.cise.cop5618fa12.hw1.TestPetersonTest
    [javac] 		HW1Test pt = new PetersonTest();
    [javac] 		^
    [javac] /cise/homes/njindal/cop5618/HW1/anshu.ranjan/HW1Solution/test/edu/ufl/cise/cop5618fa12/hw1/TestPetersonTest.java:58: cannot find symbol
    [javac] symbol  : class PetersonTest
    [javac] location: class edu.ufl.cise.cop5618fa12.hw1.TestPetersonTest
    [javac] 		HW1Test pt = new PetersonTest();
    [javac] 		                 ^
    [javac] /cise/homes/njindal/cop5618/HW1/anshu.ranjan/HW1Solution/test/edu/ufl/cise/cop5618fa12/hw1/TestPetersonTest.java:59: cannot find symbol
    [javac] symbol  : class HW1Lock
    [javac] location: class edu.ufl.cise.cop5618fa12.hw1.TestPetersonTest
    [javac] 		HW1Lock paLock = new PetersonArray();
    [javac] 		^
    [javac] /cise/homes/njindal/cop5618/HW1/anshu.ranjan/HW1Solution/test/edu/ufl/cise/cop5618fa12/hw1/TestPetersonTest.java:59: cannot find symbol
    [javac] symbol  : class PetersonArray
    [javac] location: class edu.ufl.cise.cop5618fa12.hw1.TestPetersonTest
    [javac] 		HW1Lock paLock = new PetersonArray();
    [javac] 		                     ^
    [javac] /cise/homes/njindal/cop5618/HW1/anshu.ranjan/HW1Solution/test/edu/ufl/cise/cop5618fa12/hw1/TestPetersonTest.java:75: cannot find symbol
    [javac] symbol  : class HW1Test
    [javac] location: class edu.ufl.cise.cop5618fa12.hw1.TestPetersonTest
    [javac] 		HW1Test pt = new PetersonTest();
    [javac] 		^
    [javac] /cise/homes/njindal/cop5618/HW1/anshu.ranjan/HW1Solution/test/edu/ufl/cise/cop5618fa12/hw1/TestPetersonTest.java:75: cannot find symbol
    [javac] symbol  : class PetersonTest
    [javac] location: class edu.ufl.cise.cop5618fa12.hw1.TestPetersonTest
    [javac] 		HW1Test pt = new PetersonTest();
    [javac] 		                 ^
    [javac] /cise/homes/njindal/cop5618/HW1/anshu.ranjan/HW1Solution/test/edu/ufl/cise/cop5618fa12/hw1/TestPetersonTest.java:76: cannot find symbol
    [javac] symbol  : class HW1Lock
    [javac] location: class edu.ufl.cise.cop5618fa12.hw1.TestPetersonTest
    [javac] 		HW1Lock paLock = new PetersonTwoVar();
    [javac] 		^
    [javac] /cise/homes/njindal/cop5618/HW1/anshu.ranjan/HW1Solution/test/edu/ufl/cise/cop5618fa12/hw1/TestPetersonTest.java:76: cannot find symbol
    [javac] symbol  : class PetersonTwoVar
    [javac] location: class edu.ufl.cise.cop5618fa12.hw1.TestPetersonTest
    [javac] 		HW1Lock paLock = new PetersonTwoVar();
    [javac] 		                     ^
    [javac] /cise/homes/njindal/cop5618/HW1/anshu.ranjan/HW1Solution/test/edu/ufl/cise/cop5618fa12/hw1/TestPetersonTest.java:95: cannot find symbol
    [javac] symbol  : class HW1Test
    [javac] location: class edu.ufl.cise.cop5618fa12.hw1.TestPetersonTest
    [javac] 		HW1Test pt = new PetersonTest();
    [javac] 		^
    [javac] /cise/homes/njindal/cop5618/HW1/anshu.ranjan/HW1Solution/test/edu/ufl/cise/cop5618fa12/hw1/TestPetersonTest.java:95: cannot find symbol
    [javac] symbol  : class PetersonTest
    [javac] location: class edu.ufl.cise.cop5618fa12.hw1.TestPetersonTest
    [javac] 		HW1Test pt = new PetersonTest();
    [javac] 		                 ^
    [javac] /cise/homes/njindal/cop5618/HW1/anshu.ranjan/HW1Solution/test/edu/ufl/cise/cop5618fa12/hw1/TestPetersonTest.java:96: cannot find symbol
    [javac] symbol  : class HW1Lock
    [javac] location: class edu.ufl.cise.cop5618fa12.hw1.TestPetersonTest
    [javac] 		HW1Lock paLock = new PetersonArray();
    [javac] 		^
    [javac] /cise/homes/njindal/cop5618/HW1/anshu.ranjan/HW1Solution/test/edu/ufl/cise/cop5618fa12/hw1/TestPetersonTest.java:96: cannot find symbol
    [javac] symbol  : class PetersonArray
    [javac] location: class edu.ufl.cise.cop5618fa12.hw1.TestPetersonTest
    [javac] 		HW1Lock paLock = new PetersonArray();
    [javac] 		                     ^
    [javac] /cise/homes/njindal/cop5618/HW1/anshu.ranjan/HW1Solution/test/edu/ufl/cise/cop5618fa12/hw1/TestPetersonTest.java:112: cannot find symbol
    [javac] symbol  : class HW1Test
    [javac] location: class edu.ufl.cise.cop5618fa12.hw1.TestPetersonTest
    [javac] 		HW1Test pt = new PetersonTest();
    [javac] 		^
    [javac] /cise/homes/njindal/cop5618/HW1/anshu.ranjan/HW1Solution/test/edu/ufl/cise/cop5618fa12/hw1/TestPetersonTest.java:112: cannot find symbol
    [javac] symbol  : class PetersonTest
    [javac] location: class edu.ufl.cise.cop5618fa12.hw1.TestPetersonTest
    [javac] 		HW1Test pt = new PetersonTest();
    [javac] 		                 ^
    [javac] /cise/homes/njindal/cop5618/HW1/anshu.ranjan/HW1Solution/test/edu/ufl/cise/cop5618fa12/hw1/TestPetersonTest.java:113: cannot find symbol
    [javac] symbol  : class HW1Lock
    [javac] location: class edu.ufl.cise.cop5618fa12.hw1.TestPetersonTest
    [javac] 		HW1Lock paLock = new PetersonTwoVar();
    [javac] 		^
    [javac] /cise/homes/njindal/cop5618/HW1/anshu.ranjan/HW1Solution/test/edu/ufl/cise/cop5618fa12/hw1/TestPetersonTest.java:113: cannot find symbol
    [javac] symbol  : class PetersonTwoVar
    [javac] location: class edu.ufl.cise.cop5618fa12.hw1.TestPetersonTest
    [javac] 		HW1Lock paLock = new PetersonTwoVar();
    [javac] 		                     ^
    [javac] /cise/homes/njindal/cop5618/HW1/anshu.ranjan/HW1Solution/test/edu/ufl/cise/cop5618fa12/hw1/TestPetersonTest.java:132: cannot find symbol
    [javac] symbol  : class HW1Test
    [javac] location: class edu.ufl.cise.cop5618fa12.hw1.TestPetersonTest
    [javac] 		HW1Test pt = new PetersonTest();
    [javac] 		^
    [javac] /cise/homes/njindal/cop5618/HW1/anshu.ranjan/HW1Solution/test/edu/ufl/cise/cop5618fa12/hw1/TestPetersonTest.java:132: cannot find symbol
    [javac] symbol  : class PetersonTest
    [javac] location: class edu.ufl.cise.cop5618fa12.hw1.TestPetersonTest
    [javac] 		HW1Test pt = new PetersonTest();
    [javac] 		                 ^
    [javac] /cise/homes/njindal/cop5618/HW1/anshu.ranjan/HW1Solution/test/edu/ufl/cise/cop5618fa12/hw1/TestPetersonTest.java:133: cannot find symbol
    [javac] symbol  : class HW1Lock
    [javac] location: class edu.ufl.cise.cop5618fa12.hw1.TestPetersonTest
    [javac] 		HW1Lock paLock = new PetersonArray();
    [javac] 		^
    [javac] /cise/homes/njindal/cop5618/HW1/anshu.ranjan/HW1Solution/test/edu/ufl/cise/cop5618fa12/hw1/TestPetersonTest.java:133: cannot find symbol
    [javac] symbol  : class PetersonArray
    [javac] location: class edu.ufl.cise.cop5618fa12.hw1.TestPetersonTest
    [javac] 		HW1Lock paLock = new PetersonArray();
    [javac] 		                     ^
    [javac] /cise/homes/njindal/cop5618/HW1/anshu.ranjan/HW1Solution/test/edu/ufl/cise/cop5618fa12/hw1/TestPetersonTest.java:149: cannot find symbol
    [javac] symbol  : class HW1Test
    [javac] location: class edu.ufl.cise.cop5618fa12.hw1.TestPetersonTest
    [javac] 		HW1Test pt = new PetersonTest();
    [javac] 		^
    [javac] /cise/homes/njindal/cop5618/HW1/anshu.ranjan/HW1Solution/test/edu/ufl/cise/cop5618fa12/hw1/TestPetersonTest.java:149: cannot find symbol
    [javac] symbol  : class PetersonTest
    [javac] location: class edu.ufl.cise.cop5618fa12.hw1.TestPetersonTest
    [javac] 		HW1Test pt = new PetersonTest();
    [javac] 		                 ^
    [javac] /cise/homes/njindal/cop5618/HW1/anshu.ranjan/HW1Solution/test/edu/ufl/cise/cop5618fa12/hw1/TestPetersonTest.java:150: cannot find symbol
    [javac] symbol  : class HW1Lock
    [javac] location: class edu.ufl.cise.cop5618fa12.hw1.TestPetersonTest
    [javac] 		HW1Lock paLock = new PetersonTwoVar();
    [javac] 		^
    [javac] /cise/homes/njindal/cop5618/HW1/anshu.ranjan/HW1Solution/test/edu/ufl/cise/cop5618fa12/hw1/TestPetersonTest.java:150: cannot find symbol
    [javac] symbol  : class PetersonTwoVar
    [javac] location: class edu.ufl.cise.cop5618fa12.hw1.TestPetersonTest
    [javac] 		HW1Lock paLock = new PetersonTwoVar();
    [javac] 		                     ^
    [javac] /cise/homes/njindal/cop5618/HW1/anshu.ranjan/HW1Solution/test/edu/ufl/cise/cop5618fa12/hw1/TestPetersonTest.java:171: cannot find symbol
    [javac] symbol  : class HW1Test
    [javac] location: class edu.ufl.cise.cop5618fa12.hw1.TestPetersonTest
    [javac] 		HW1Test pt = new PetersonTest();
    [javac] 		^
    [javac] /cise/homes/njindal/cop5618/HW1/anshu.ranjan/HW1Solution/test/edu/ufl/cise/cop5618fa12/hw1/TestPetersonTest.java:171: cannot find symbol
    [javac] symbol  : class PetersonTest
    [javac] location: class edu.ufl.cise.cop5618fa12.hw1.TestPetersonTest
    [javac] 		HW1Test pt = new PetersonTest();
    [javac] 		                 ^
    [javac] /cise/homes/njindal/cop5618/HW1/anshu.ranjan/HW1Solution/test/edu/ufl/cise/cop5618fa12/hw1/TestPetersonTest.java:172: cannot find symbol
    [javac] symbol  : class HW1Lock
    [javac] location: class edu.ufl.cise.cop5618fa12.hw1.TestPetersonTest
    [javac] 		HW1Lock paLock = new ReferencePetersonArray();
    [javac] 		^
    [javac] /cise/homes/njindal/cop5618/HW1/anshu.ranjan/HW1Solution/test/edu/ufl/cise/cop5618fa12/hw1/TestPetersonTest.java:188: cannot find symbol
    [javac] symbol  : class HW1Test
    [javac] location: class edu.ufl.cise.cop5618fa12.hw1.TestPetersonTest
    [javac] 		HW1Test pt = new PetersonTest();
    [javac] 		^
    [javac] Note: /cise/homes/njindal/cop5618/HW1/anshu.ranjan/HW1Solution/test/edu/ufl/cise/cop5618fa12/hw1/TestPetersonLocks.java uses or overrides a deprecated API.
    [javac] Note: Recompile with -Xlint:deprecation for details.
    [javac] 100 errors

BUILD FAILED
/cise/homes/njindal/cop5618/HW1/anshu.ranjan/HW1Solution/build.xml:39: Compile failed; see the compiler error output for details.

Total time: 2 seconds
